[2024-11-23T21:44:32.498Z] info  code-server 4.95.3 b0c935a6e0742adde9f7a5f6e5816553ee0e7ffb
[2024-11-23T21:44:32.504Z] info  Using user-data-dir /home/ubuntu/.local/share/code-server
[2024-11-23T21:44:32.561Z] info  Using config file /home/ubuntu/.config/code-server/config.yaml
[2024-11-23T21:44:32.561Z] info  HTTPS server listening on https://0.0.0.0:8080/
[2024-11-23T21:44:32.561Z] info    - Authentication is enabled
[2024-11-23T21:44:32.561Z] info      - Using password from /home/ubuntu/.config/code-server/config.yaml
[2024-11-23T21:44:32.561Z] info    - Using certificate for HTTPS: /home/ubuntu/.config/code-server/selfsigned.crt
[2024-11-23T21:44:32.561Z] info  Session server listening on /home/ubuntu/.local/share/code-server/code-server-ipc.sock
[21:47:15] 




[21:47:15] Extension host agent started.
[21:47:15] Started initializing default profile extensions in extensions installation folder. file:///home/ubuntu/.local/share/code-server/extensions
[21:47:15] Completed initializing default profile extensions in extensions installation folder. file:///home/ubuntu/.local/share/code-server/extensions
[21:47:34] [<unknown>][cde23b50][ManagementConnection] New connection established.
[21:47:38] [<unknown>][d4ffd18c][ExtensionHostConnection] New connection established.
[21:47:38] [<unknown>][d4ffd18c][ExtensionHostConnection] <13279> Launched Extension Host Process.
[03:04:44] [<unknown>][d4ffd18c][ExtensionHostConnection] The client has reconnected.
[03:04:44] [<unknown>][cde23b50][ManagementConnection] The client has disconnected, will wait for reconnection 3h before disposing...
[03:04:45] [<unknown>][cde23b50][ManagementConnection] Another client has connected, will shorten the wait for reconnection 5m before disposing...
[03:04:45] [<unknown>][cde23b50][ManagementConnection] The client has reconnected.
[03:53:37] [<unknown>][d4ffd18c][ExtensionHostConnection] The client has reconnected.
[03:53:38] [<unknown>][cde23b50][ManagementConnection] The client has reconnected.
[03:53:40] [<unknown>][ad6c9212][ManagementConnection] New connection established.
[03:53:43] [<unknown>][dfb303ed][ExtensionHostConnection] New connection established.
[03:53:43] [<unknown>][dfb303ed][ExtensionHostConnection] <101860> Launched Extension Host Process.
[03:54:06] [<unknown>][ad6c9212][ManagementConnection] The client has disconnected gracefully, so the connection will be disposed.
[2024-11-24T04:25:02.625Z] info  code-server 4.95.3 b0c935a6e0742adde9f7a5f6e5816553ee0e7ffb
[2024-11-24T04:25:02.649Z] info  Using user-data-dir /home/ubuntu/.local/share/code-server
[2024-11-24T04:25:02.724Z] info  Using config file /home/ubuntu/.config/code-server/config.yaml
[2024-11-24T04:25:02.724Z] info  HTTPS server listening on https://0.0.0.0:8080/
[2024-11-24T04:25:02.724Z] info    - Authentication is enabled
[2024-11-24T04:25:02.724Z] info      - Using password from /home/ubuntu/.config/code-server/config.yaml
[2024-11-24T04:25:02.724Z] info    - Using certificate for HTTPS: /home/ubuntu/.config/code-server/selfsigned.crt
[2024-11-24T04:25:02.724Z] info  Session server listening on /home/ubuntu/.local/share/code-server/code-server-ipc.sock
[04:25:11] 




[04:25:12] Extension host agent started.
[04:25:17] [<unknown>][3f32adf4][ManagementConnection] New connection established.
[04:25:21] [<unknown>][2122802e][ExtensionHostConnection] New connection established.
[04:25:21] [<unknown>][2122802e][ExtensionHostConnection] <2019> Launched Extension Host Process.
[08:26:50] [<unknown>][3f32adf4][ManagementConnection] The client has disconnected, will wait for reconnection 3h before disposing...
[2024-11-25T04:07:26.626Z] info  code-server 4.95.3 b0c935a6e0742adde9f7a5f6e5816553ee0e7ffb
[2024-11-25T04:07:26.651Z] info  Using user-data-dir /home/ubuntu/.local/share/code-server
[2024-11-25T04:07:26.724Z] info  Using config file /home/ubuntu/.config/code-server/config.yaml
[2024-11-25T04:07:26.724Z] info  HTTPS server listening on https://0.0.0.0:8080/
[2024-11-25T04:07:26.724Z] info    - Authentication is enabled
[2024-11-25T04:07:26.724Z] info      - Using password from /home/ubuntu/.config/code-server/config.yaml
[2024-11-25T04:07:26.724Z] info    - Using certificate for HTTPS: /home/ubuntu/.config/code-server/selfsigned.crt
[2024-11-25T04:07:26.724Z] info  Session server listening on /home/ubuntu/.local/share/code-server/code-server-ipc.sock
[04:07:57] 




[04:07:57] Extension host agent started.
[04:08:09] [<unknown>][afe11fe4][ManagementConnection] New connection established.
[04:08:13] [<unknown>][4f63d3c7][ExtensionHostConnection] New connection established.
[04:08:13] [<unknown>][4f63d3c7][ExtensionHostConnection] <2327> Launched Extension Host Process.
[2024-11-25T04:51:58.104Z] info  code-server 4.95.3 b0c935a6e0742adde9f7a5f6e5816553ee0e7ffb
[2024-11-25T04:51:58.123Z] info  Using user-data-dir /home/ubuntu/.local/share/code-server
[2024-11-25T04:51:58.188Z] info  Using config file /home/ubuntu/.config/code-server/config.yaml
[2024-11-25T04:51:58.188Z] info  HTTPS server listening on https://0.0.0.0:8080/
[2024-11-25T04:51:58.189Z] info    - Authentication is enabled
[2024-11-25T04:51:58.189Z] info      - Using password from /home/ubuntu/.config/code-server/config.yaml
[2024-11-25T04:51:58.189Z] info    - Using certificate for HTTPS: /home/ubuntu/.config/code-server/selfsigned.crt
[2024-11-25T04:51:58.189Z] info  Session server listening on /home/ubuntu/.local/share/code-server/code-server-ipc.sock
[04:52:05] 




[04:52:05] Extension host agent started.
[04:52:11] [<unknown>][b79c4e75][ManagementConnection] New connection established.
[04:52:14] [<unknown>][9d39d039][ExtensionHostConnection] New connection established.
[04:52:14] [<unknown>][9d39d039][ExtensionHostConnection] <16654> Launched Extension Host Process.
[2024-11-25T22:02:40.266Z] info  code-server 4.95.3 b0c935a6e0742adde9f7a5f6e5816553ee0e7ffb
[2024-11-25T22:02:40.293Z] info  Using user-data-dir /home/ubuntu/.local/share/code-server
[2024-11-25T22:02:40.368Z] info  Using config file /home/ubuntu/.config/code-server/config.yaml
[2024-11-25T22:02:40.368Z] info  HTTPS server listening on https://0.0.0.0:8080/
[2024-11-25T22:02:40.368Z] info    - Authentication is enabled
[2024-11-25T22:02:40.368Z] info      - Using password from /home/ubuntu/.config/code-server/config.yaml
[2024-11-25T22:02:40.368Z] info    - Using certificate for HTTPS: /home/ubuntu/.config/code-server/selfsigned.crt
[2024-11-25T22:02:40.368Z] info  Session server listening on /home/ubuntu/.local/share/code-server/code-server-ipc.sock
[22:03:17] 




[22:03:17] Extension host agent started.
[22:03:39] [<unknown>][cf796a39][ManagementConnection] New connection established.
[22:03:44] [<unknown>][83b57dbd][ExtensionHostConnection] New connection established.
[22:03:44] [<unknown>][83b57dbd][ExtensionHostConnection] <2267> Launched Extension Host Process.
[2024-11-25T22:22:44.266Z] info  code-server 4.95.3 b0c935a6e0742adde9f7a5f6e5816553ee0e7ffb
[2024-11-25T22:22:44.270Z] info  Using user-data-dir /home/ubuntu/.local/share/code-server
[2024-11-25T22:22:44.340Z] info  Using config file /home/ubuntu/.config/code-server/config.yaml
[2024-11-25T22:22:44.340Z] info  HTTPS server listening on https://0.0.0.0:8080/
[2024-11-25T22:22:44.340Z] info    - Authentication is enabled
[2024-11-25T22:22:44.340Z] info      - Using password from /home/ubuntu/.config/code-server/config.yaml
[2024-11-25T22:22:44.340Z] info    - Using certificate for HTTPS: /home/ubuntu/.config/code-server/selfsigned.crt
[2024-11-25T22:22:44.341Z] info  Session server listening on /home/ubuntu/.local/share/code-server/code-server-ipc.sock
[2024-11-25T22:22:53.014Z] info  code-server 4.95.3 b0c935a6e0742adde9f7a5f6e5816553ee0e7ffb
[2024-11-25T22:22:53.017Z] info  Using user-data-dir /home/ubuntu/.local/share/code-server
[2024-11-25T22:22:53.070Z] info  Using config file /home/ubuntu/.config/code-server/config.yaml
[2024-11-25T22:22:53.070Z] info  HTTPS server listening on https://0.0.0.0:8080/
[2024-11-25T22:22:53.070Z] info    - Authentication is enabled
[2024-11-25T22:22:53.071Z] info      - Using password from /home/ubuntu/.config/code-server/config.yaml
[2024-11-25T22:22:53.072Z] info    - Using certificate for HTTPS: /home/ubuntu/.config/code-server/selfsigned.crt
[2024-11-25T22:22:53.072Z] info  Session server listening on /home/ubuntu/.local/share/code-server/code-server-ipc.sock
[22:22:53] 




[22:22:53] Extension host agent started.
[22:23:01] [<unknown>][2af4231d][ManagementConnection] New connection established.
[22:23:04] [<unknown>][0c131b4b][ExtensionHostConnection] New connection established.
[22:23:04] [<unknown>][0c131b4b][ExtensionHostConnection] <9302> Launched Extension Host Process.
[23:15:40] [<unknown>][2af4231d][ManagementConnection] The client has disconnected, will wait for reconnection 3h before disposing...
[2024-11-30T22:01:10.547Z] info  code-server 4.95.3 b0c935a6e0742adde9f7a5f6e5816553ee0e7ffb
[2024-11-30T22:01:10.551Z] info  Using user-data-dir /home/ubuntu/.local/share/code-server
[2024-11-30T22:01:10.614Z] info  Using config file /home/ubuntu/.config/code-server/config.yaml
[2024-11-30T22:01:10.614Z] info  HTTPS server listening on https://0.0.0.0:8080/
[2024-11-30T22:01:10.614Z] info    - Authentication is enabled
[2024-11-30T22:01:10.614Z] info      - Using password from /home/ubuntu/.config/code-server/config.yaml
[2024-11-30T22:01:10.614Z] info    - Using certificate for HTTPS: /home/ubuntu/.config/code-server/selfsigned.crt
[2024-11-30T22:01:10.615Z] info  Session server listening on /home/ubuntu/.local/share/code-server/code-server-ipc.sock
[2024-12-02T22:09:31.462Z] info  code-server 4.95.3 b0c935a6e0742adde9f7a5f6e5816553ee0e7ffb
[2024-12-02T22:09:31.485Z] info  Using user-data-dir /home/ubuntu/.local/share/code-server
[2024-12-02T22:09:31.559Z] info  Using config file /home/ubuntu/.config/code-server/config.yaml
[2024-12-02T22:09:31.560Z] info  HTTPS server listening on https://0.0.0.0:8080/
[2024-12-02T22:09:31.560Z] info    - Authentication is enabled
[2024-12-02T22:09:31.560Z] info      - Using password from /home/ubuntu/.config/code-server/config.yaml
[2024-12-02T22:09:31.560Z] info    - Using certificate for HTTPS: /home/ubuntu/.config/code-server/selfsigned.crt
[2024-12-02T22:09:31.560Z] info  Session server listening on /home/ubuntu/.local/share/code-server/code-server-ipc.sock
[22:09:58] 




[22:09:58] Extension host agent started.
[22:10:15] [<unknown>][b4a6be61][ManagementConnection] New connection established.
[22:10:19] [<unknown>][082a667a][ExtensionHostConnection] New connection established.
[22:10:19] [<unknown>][082a667a][ExtensionHostConnection] <2361> Launched Extension Host Process.
