0 verbose cli /usr/bin/node /usr/bin/npm
1 info using npm@9.2.0
2 info using node@v18.19.1
3 timing npm:load:whichnode Completed in 1ms
4 timing config:load:defaults Completed in 1ms
5 timing config:load:file:/usr/share/nodejs/npm/npmrc Completed in 8ms
6 timing config:load:builtin Completed in 8ms
7 timing config:load:cli Completed in 6ms
8 timing config:load:env Completed in 1ms
9 timing config:load:file:/home/ubuntu/.cache/typescript/5.6/.npmrc Completed in 0ms
10 timing config:load:project Completed in 9ms
11 timing config:load:file:/home/ubuntu/.npmrc Completed in 1ms
12 timing config:load:user Completed in 1ms
13 timing config:load:file:/etc/npmrc Completed in 0ms
14 timing config:load:global Completed in 0ms
15 timing config:load:setEnvs Completed in 4ms
16 timing config:load Completed in 33ms
17 timing npm:load:configload Completed in 33ms
18 timing npm:load:mkdirpcache Completed in 0ms
19 timing npm:load:mkdirplogs Completed in 1ms
20 verbose title npm install @types/react@ts5.6
21 verbose argv "install" "--ignore-scripts" "@types/react@ts5.6" "--save-dev" "--user-agent" "typesInstaller/5.6.3"
22 timing npm:load:setTitle Completed in 3ms
23 timing config:load:flatten Completed in 7ms
24 timing npm:load:display Completed in 10ms
25 verbose logfile logs-max:10 dir:/home/ubuntu/.npm/_logs/2024-11-25T04_18_13_048Z-
26 verbose logfile /home/ubuntu/.npm/_logs/2024-11-25T04_18_13_048Z-debug-0.log
27 timing npm:load:logFile Completed in 9ms
28 timing npm:load:timers Completed in 0ms
29 timing npm:load:configScope Completed in 0ms
30 timing npm:load Completed in 59ms
31 timing config:load:flatten Completed in 0ms
32 timing arborist:ctor Completed in 0ms
33 silly logfile start cleaning logs, removing 1 files
34 silly logfile done cleaning log files
35 timing idealTree:init Completed in 657ms
36 timing arborist:ctor Completed in 0ms
37 http fetch GET 200 https://registry.npmjs.org/@types%2freact 639ms (cache revalidated)
38 timing idealTree:userRequests Completed in 654ms
39 silly idealTree buildDeps
40 silly fetch manifest @types/react@18.3.12
41 silly placeDep ROOT @types/react@18.3.12 REPLACE for:  want: 18.3.12
42 timing idealTree:#root Completed in 10ms
43 timing idealTree:node_modules/@types/react Completed in 0ms
44 timing idealTree:buildDeps Completed in 12ms
45 timing idealTree:fixDepFlags Completed in 5ms
46 timing idealTree Completed in 1342ms
47 timing reify:loadTrees Completed in 1344ms
48 timing reify:diffTrees Completed in 15ms
49 silly reify moves {}
50 timing reify:retireShallow Completed in 1ms
51 timing reify:createSparse Completed in 2ms
52 timing reify:loadBundles Completed in 0ms
53 silly audit bulk request {
53 silly audit   '@ampproject/remapping': [ '2.3.0' ],
53 silly audit   '@babel/code-frame': [ '7.26.2' ],
53 silly audit   '@babel/compat-data': [ '7.26.2' ],
53 silly audit   '@babel/core': [ '7.26.0' ],
53 silly audit   semver: [ '6.3.1', '5.7.2', '7.6.3' ],
53 silly audit   '@babel/generator': [ '7.26.2' ],
53 silly audit   '@babel/helper-annotate-as-pure': [ '7.25.9' ],
53 silly audit   '@babel/helper-builder-binary-assignment-operator-visitor': [ '7.25.9' ],
53 silly audit   '@babel/helper-compilation-targets': [ '7.25.9' ],
53 silly audit   '@babel/helper-create-class-features-plugin': [ '7.25.9' ],
53 silly audit   '@babel/helper-create-regexp-features-plugin': [ '7.25.9' ],
53 silly audit   '@babel/helper-define-polyfill-provider': [ '0.6.3' ],
53 silly audit   '@babel/helper-member-expression-to-functions': [ '7.25.9' ],
53 silly audit   '@babel/helper-module-imports': [ '7.25.9' ],
53 silly audit   '@babel/helper-module-transforms': [ '7.26.0' ],
53 silly audit   '@babel/helper-optimise-call-expression': [ '7.25.9' ],
53 silly audit   '@babel/helper-plugin-utils': [ '7.25.9' ],
53 silly audit   '@babel/helper-remap-async-to-generator': [ '7.25.9' ],
53 silly audit   '@babel/helper-replace-supers': [ '7.25.9' ],
53 silly audit   '@babel/helper-simple-access': [ '7.25.9' ],
53 silly audit   '@babel/helper-skip-transparent-expression-wrappers': [ '7.25.9' ],
53 silly audit   '@babel/helper-string-parser': [ '7.25.9' ],
53 silly audit   '@babel/helper-validator-identifier': [ '7.25.9' ],
53 silly audit   '@babel/helper-validator-option': [ '7.25.9' ],
53 silly audit   '@babel/helper-wrap-function': [ '7.25.9' ],
53 silly audit   '@babel/helpers': [ '7.26.0' ],
53 silly audit   '@babel/parser': [ '7.26.2' ],
53 silly audit   '@babel/plugin-bugfix-firefox-class-in-computed-class-key': [ '7.25.9' ],
53 silly audit   '@babel/plugin-bugfix-safari-class-field-initializer-scope': [ '7.25.9' ],
53 silly audit   '@babel/plugin-bugfix-safari-id-destructuring-collision-in-function-expression': [ '7.25.9' ],
53 silly audit   '@babel/plugin-bugfix-v8-spread-parameters-in-optional-chaining': [ '7.25.9' ],
53 silly audit   '@babel/plugin-bugfix-v8-static-class-fields-redefine-readonly': [ '7.25.9' ],
53 silly audit   '@babel/plugin-proposal-class-properties': [ '7.18.6' ],
53 silly audit   '@babel/plugin-proposal-export-default-from': [ '7.25.9' ],
53 silly audit   '@babel/plugin-proposal-nullish-coalescing-operator': [ '7.18.6' ],
53 silly audit   '@babel/plugin-proposal-optional-chaining': [ '7.21.0' ],
53 silly audit   '@babel/plugin-proposal-private-property-in-object': [ '7.21.0-placeholder-for-preset-env.2' ],
53 silly audit   '@babel/plugin-syntax-async-generators': [ '7.8.4' ],
53 silly audit   '@babel/plugin-syntax-bigint': [ '7.8.3' ],
53 silly audit   '@babel/plugin-syntax-class-properties': [ '7.12.13' ],
53 silly audit   '@babel/plugin-syntax-class-static-block': [ '7.14.5' ],
53 silly audit   '@babel/plugin-syntax-dynamic-import': [ '7.8.3' ],
53 silly audit   '@babel/plugin-syntax-export-default-from': [ '7.25.9' ],
53 silly audit   '@babel/plugin-syntax-flow': [ '7.26.0' ],
53 silly audit   '@babel/plugin-syntax-import-assertions': [ '7.26.0' ],
53 silly audit   '@babel/plugin-syntax-import-attributes': [ '7.26.0' ],
53 silly audit   '@babel/plugin-syntax-import-meta': [ '7.10.4' ],
53 silly audit   '@babel/plugin-syntax-json-strings': [ '7.8.3' ],
53 silly audit   '@babel/plugin-syntax-jsx': [ '7.25.9' ],
53 silly audit   '@babel/plugin-syntax-logical-assignment-operators': [ '7.10.4' ],
53 silly audit   '@babel/plugin-syntax-nullish-coalescing-operator': [ '7.8.3' ],
53 silly audit   '@babel/plugin-syntax-numeric-separator': [ '7.10.4' ],
53 silly audit   '@babel/plugin-syntax-object-rest-spread': [ '7.8.3' ],
53 silly audit   '@babel/plugin-syntax-optional-catch-binding': [ '7.8.3' ],
53 silly audit   '@babel/plugin-syntax-optional-chaining': [ '7.8.3' ],
53 silly audit   '@babel/plugin-syntax-private-property-in-object': [ '7.14.5' ],
53 silly audit   '@babel/plugin-syntax-top-level-await': [ '7.14.5' ],
53 silly audit   '@babel/plugin-syntax-typescript': [ '7.25.9' ],
53 silly audit   '@babel/plugin-syntax-unicode-sets-regex': [ '7.18.6' ],
53 silly audit   '@babel/plugin-transform-arrow-functions': [ '7.25.9' ],
53 silly audit   '@babel/plugin-transform-async-generator-functions': [ '7.25.9' ],
53 silly audit   '@babel/plugin-transform-async-to-generator': [ '7.25.9' ],
53 silly audit   '@babel/plugin-transform-block-scoped-functions': [ '7.25.9' ],
53 silly audit   '@babel/plugin-transform-block-scoping': [ '7.25.9' ],
53 silly audit   '@babel/plugin-transform-class-properties': [ '7.25.9' ],
53 silly audit   '@babel/plugin-transform-class-static-block': [ '7.26.0' ],
53 silly audit   '@babel/plugin-transform-classes': [ '7.25.9' ],
53 silly audit   '@babel/plugin-transform-computed-properties': [ '7.25.9' ],
53 silly audit   '@babel/plugin-transform-destructuring': [ '7.25.9' ],
53 silly audit   '@babel/plugin-transform-dotall-regex': [ '7.25.9' ],
53 silly audit   '@babel/plugin-transform-duplicate-keys': [ '7.25.9' ],
53 silly audit   '@babel/plugin-transform-duplicate-named-capturing-groups-regex': [ '7.25.9' ],
53 silly audit   '@babel/plugin-transform-dynamic-import': [ '7.25.9' ],
53 silly audit   '@babel/plugin-transform-exponentiation-operator': [ '7.25.9' ],
53 silly audit   '@babel/plugin-transform-export-namespace-from': [ '7.25.9' ],
53 silly audit   '@babel/plugin-transform-flow-strip-types': [ '7.25.9' ],
53 silly audit   '@babel/plugin-transform-for-of': [ '7.25.9' ],
53 silly audit   '@babel/plugin-transform-function-name': [ '7.25.9' ],
53 silly audit   '@babel/plugin-transform-json-strings': [ '7.25.9' ],
53 silly audit   '@babel/plugin-transform-literals': [ '7.25.9' ],
53 silly audit   '@babel/plugin-transform-logical-assignment-operators': [ '7.25.9' ],
53 silly audit   '@babel/plugin-transform-member-expression-literals': [ '7.25.9' ],
53 silly audit   '@babel/plugin-transform-modules-amd': [ '7.25.9' ],
53 silly audit   '@babel/plugin-transform-modules-commonjs': [ '7.25.9' ],
53 silly audit   '@babel/plugin-transform-modules-systemjs': [ '7.25.9' ],
53 silly audit   '@babel/plugin-transform-modules-umd': [ '7.25.9' ],
53 silly audit   '@babel/plugin-transform-named-capturing-groups-regex': [ '7.25.9' ],
53 silly audit   '@babel/plugin-transform-new-target': [ '7.25.9' ],
53 silly audit   '@babel/plugin-transform-nullish-coalescing-operator': [ '7.25.9' ],
53 silly audit   '@babel/plugin-transform-numeric-separator': [ '7.25.9' ],
53 silly audit   '@babel/plugin-transform-object-rest-spread': [ '7.25.9' ],
53 silly audit   '@babel/plugin-transform-object-super': [ '7.25.9' ],
53 silly audit   '@babel/plugin-transform-optional-catch-binding': [ '7.25.9' ],
53 silly audit   '@babel/plugin-transform-optional-chaining': [ '7.25.9' ],
53 silly audit   '@babel/plugin-transform-parameters': [ '7.25.9' ],
53 silly audit   '@babel/plugin-transform-private-methods': [ '7.25.9' ],
53 silly audit   '@babel/plugin-transform-private-property-in-object': [ '7.25.9' ],
53 silly audit   '@babel/plugin-transform-property-literals': [ '7.25.9' ],
53 silly audit   '@babel/plugin-transform-react-display-name': [ '7.25.9' ],
53 silly audit   '@babel/plugin-transform-react-jsx': [ '7.25.9' ],
53 silly audit   '@babel/plugin-transform-react-jsx-self': [ '7.25.9' ],
53 silly audit   '@babel/plugin-transform-react-jsx-source': [ '7.25.9' ],
53 silly audit   '@babel/plugin-transform-regenerator': [ '7.25.9' ],
53 silly audit   '@babel/plugin-transform-regexp-modifiers': [ '7.26.0' ],
53 silly audit   '@babel/plugin-transform-reserved-words': [ '7.25.9' ],
53 silly audit   '@babel/plugin-transform-runtime': [ '7.25.9' ],
53 silly audit   '@babel/plugin-transform-shorthand-properties': [ '7.25.9' ],
53 silly audit   '@babel/plugin-transform-spread': [ '7.25.9' ],
53 silly audit   '@babel/plugin-transform-sticky-regex': [ '7.25.9' ],
53 silly audit   '@babel/plugin-transform-template-literals': [ '7.25.9' ],
53 silly audit   '@babel/plugin-transform-typeof-symbol': [ '7.25.9' ],
53 silly audit   '@babel/plugin-transform-typescript': [ '7.25.9' ],
53 silly audit   '@babel/plugin-transform-unicode-escapes': [ '7.25.9' ],
53 silly audit   '@babel/plugin-transform-unicode-property-regex': [ '7.25.9' ],
53 silly audit   '@babel/plugin-transform-unicode-regex': [ '7.25.9' ],
53 silly audit   '@babel/plugin-transform-unicode-sets-regex': [ '7.25.9' ],
53 silly audit   '@babel/preset-env': [ '7.26.0' ],
53 silly audit   '@babel/preset-flow': [ '7.25.9' ],
53 silly audit   '@babel/preset-modules': [ '0.1.6-no-external-plugins' ],
53 silly audit   '@babel/preset-typescript': [ '7.26.0' ],
53 silly audit   '@babel/register': [ '7.25.9' ],
53 silly audit   '@babel/runtime': [ '7.26.0' ],
53 silly audit   'regenerator-runtime': [ '0.14.1', '0.13.11' ],
53 silly audit   '@babel/template': [ '7.25.9' ],
53 silly audit   '@babel/traverse': [ '7.25.9' ],
53 silly audit   '@babel/types': [ '7.26.0' ],
53 silly audit   '@isaacs/ttlcache': [ '1.4.1' ],
53 silly audit   '@istanbuljs/load-nyc-config': [ '1.1.0' ],
53 silly audit   '@istanbuljs/schema': [ '0.1.3' ],
53 silly audit   '@jest/create-cache-key-function': [ '29.7.0' ],
53 silly audit   '@jest/environment': [ '29.7.0' ],
53 silly audit   '@jest/fake-timers': [ '29.7.0' ],
53 silly audit   '@jest/schemas': [ '29.6.3' ],
53 silly audit   '@jest/transform': [ '29.7.0' ],
53 silly audit   '@jest/types': [ '29.6.3' ],
53 silly audit   '@jridgewell/gen-mapping': [ '0.3.5' ],
53 silly audit   '@jridgewell/resolve-uri': [ '3.1.2' ],
53 silly audit   '@jridgewell/set-array': [ '1.2.1' ],
53 silly audit   '@jridgewell/source-map': [ '0.3.6' ],
53 silly audit   '@jridgewell/sourcemap-codec': [ '1.5.0' ],
53 silly audit   '@jridgewell/trace-mapping': [ '0.3.25' ],
53 silly audit   '@react-native/assets-registry': [ '0.76.3' ],
53 silly audit   '@react-native/babel-plugin-codegen': [ '0.76.3' ],
53 silly audit   '@react-native/babel-preset': [ '0.76.3' ],
53 silly audit   'babel-plugin-syntax-hermes-parser': [ '0.25.1', '0.23.1' ],
53 silly audit   'hermes-estree': [ '0.25.1', '0.23.1', '0.24.0' ],
53 silly audit   'hermes-parser': [ '0.25.1', '0.23.1', '0.24.0' ],
53 silly audit   '@react-native/codegen': [ '0.76.3' ],
53 silly audit   '@react-native/community-cli-plugin': [ '0.76.3' ],
53 silly audit   '@react-native/debugger-frontend': [ '0.76.3' ],
53 silly audit   '@react-native/dev-middleware': [ '0.76.3' ],
53 silly audit   debug: [ '2.6.9', '4.3.7' ],
53 silly audit   ms: [ '2.0.0', '2.1.3' ],
53 silly audit   '@react-native/gradle-plugin': [ '0.76.3' ],
53 silly audit   '@react-native/js-polyfills': [ '0.76.3' ],
53 silly audit   '@react-native/metro-babel-transformer': [ '0.76.3' ],
53 silly audit   '@react-native/normalize-colors': [ '0.76.3' ],
53 silly audit   '@react-native/virtualized-lists': [ '0.76.3' ],
53 silly audit   '@sinclair/typebox': [ '0.27.8' ],
53 silly audit   '@sinonjs/commons': [ '3.0.1' ],
53 silly audit   '@sinonjs/fake-timers': [ '10.3.0' ],
53 silly audit   '@types/babel__core': [ '7.20.5' ],
53 silly audit   '@types/babel__generator': [ '7.6.8' ],
53 silly audit   '@types/babel__template': [ '7.4.4' ],
53 silly audit   '@types/babel__traverse': [ '7.20.6' ],
53 silly audit   '@types/graceful-fs': [ '4.1.9' ],
53 silly audit   '@types/istanbul-lib-coverage': [ '2.0.6' ],
53 silly audit   '@types/istanbul-lib-report': [ '3.0.3' ],
53 silly audit   '@types/istanbul-reports': [ '3.0.4' ],
53 silly audit   '@types/node': [ '22.9.3' ],
53 silly audit   '@types/node-forge': [ '1.3.11' ],
53 silly audit   '@types/progress': [ '2.0.7' ],
53 silly audit   '@types/prop-types': [ '15.7.13' ],
53 silly audit   '@types/react-dom': [ '18.3.1' ],
53 silly audit   '@types/react-native-dotenv': [ '0.2.2' ],
53 silly audit   '@types/react-native-web': [ '0.19.0' ],
53 silly audit   '@types/stack-utils': [ '2.0.3' ],
53 silly audit   '@types/yargs': [ '17.0.33' ],
53 silly audit   '@types/yargs-parser': [ '21.0.3' ],
53 silly audit   'abort-controller': [ '3.0.0' ],
53 silly audit   accepts: [ '1.3.8' ],
53 silly audit   acorn: [ '8.14.0' ],
53 silly audit   anser: [ '1.4.10' ],
53 silly audit   'ansi-regex': [ '5.0.1' ],
53 silly audit   'ansi-styles': [ '4.3.0', '5.2.0' ],
53 silly audit   anymatch: [ '3.1.3' ],
53 silly audit   argparse: [ '1.0.10' ],
53 silly audit   asap: [ '2.0.6' ],
53 silly audit   'ast-types': [ '0.15.2' ],
53 silly audit   'async-limiter': [ '1.0.1' ],
53 silly audit   'babel-core': [ '7.0.0-bridge.0' ],
53 silly audit   'babel-jest': [ '29.7.0' ],
53 silly audit   'babel-plugin-istanbul': [ '6.1.1' ],
53 silly audit   'babel-plugin-jest-hoist': [ '29.6.3' ],
53 silly audit   'babel-plugin-polyfill-corejs2': [ '0.4.12' ],
53 silly audit   'babel-plugin-polyfill-corejs3': [ '0.10.6' ],
53 silly audit   'babel-plugin-polyfill-regenerator': [ '0.6.3' ],
53 silly audit   'babel-plugin-transform-flow-enums': [ '0.0.2' ],
53 silly audit   'babel-preset-current-node-syntax': [ '1.1.0' ],
53 silly audit   'babel-preset-jest': [ '29.6.3' ],
53 silly audit   'balanced-match': [ '1.0.2' ],
53 silly audit   'base64-js': [ '1.5.1' ],
53 silly audit   'brace-expansion': [ '1.1.11' ],
53 silly audit   braces: [ '3.0.3' ],
53 silly audit   browserslist: [ '4.24.2' ],
53 silly audit   bser: [ '2.1.1' ],
53 silly audit   'buffer-from': [ '1.1.2' ],
53 silly audit   'caller-callsite': [ '2.0.0' ],
53 silly audit   'caller-path': [ '2.0.0' ],
53 silly audit   callsites: [ '2.0.0' ],
53 silly audit   camelcase: [ '5.3.1', '6.3.0' ],
53 silly audit   'caniuse-lite': [ '1.0.30001683' ],
53 silly audit   chalk: [ '4.1.2' ],
53 silly audit   'chrome-launcher': [ '0.15.2' ],
53 silly audit   'chromium-edge-launcher': [ '0.2.0' ],
53 silly audit   mkdirp: [ '1.0.4', '0.5.6' ],
53 silly audit   'ci-info': [ '3.9.0', '2.0.0' ],
53 silly audit   cliui: [ '8.0.1' ],
53 silly audit   'clone-deep': [ '4.0.1' ],
53 silly audit   'color-convert': [ '2.0.1' ],
53 silly audit   'color-name': [ '1.1.4' ],
53 silly audit   commander: [ '12.1.0', '2.20.3' ],
53 silly audit   commondir: [ '1.0.1' ],
53 silly audit   'concat-map': [ '0.0.1' ],
53 silly audit   connect: [ '3.7.0' ],
53 silly audit   'convert-source-map': [ '2.0.0' ],
53 silly audit   'core-js-compat': [ '3.39.0' ],
53 silly audit   'core-util-is': [ '1.0.3' ],
53 silly audit   cosmiconfig: [ '5.2.1' ],
53 silly audit   'cross-spawn': [ '7.0.6' ],
53 silly audit   csstype: [ '3.1.3' ],
53 silly audit   denodeify: [ '1.2.1' ],
53 silly audit   depd: [ '2.0.0' ],
53 silly audit   destroy: [ '1.2.0' ],
53 silly audit   'ee-first': [ '1.1.1' ],
53 silly audit   'electron-to-chromium': [ '1.5.64' ],
53 silly audit   'emoji-regex': [ '8.0.0' ],
53 silly audit   encodeurl: [ '1.0.2', '2.0.0' ],
53 silly audit   'error-ex': [ '1.3.2' ],
53 silly audit   'error-stack-parser': [ '2.1.4' ],
53 silly audit   escalade: [ '3.2.0' ],
53 silly audit   'escape-html': [ '1.0.3' ],
53 silly audit   'escape-string-regexp': [ '4.0.0', '2.0.0' ],
53 silly audit   esprima: [ '4.0.1' ],
53 silly audit   esutils: [ '2.0.3' ],
53 silly audit   etag: [ '1.8.1' ],
53 silly audit   'event-target-shim': [ '5.0.1' ],
53 silly audit   execa: [ '5.1.1' ],
53 silly audit   'exponential-backoff': [ '3.1.1' ],
53 silly audit   'fast-json-stable-stringify': [ '2.1.0' ],
53 silly audit   'fb-watchman': [ '2.0.2' ],
53 silly audit   'fill-range': [ '7.1.1' ],
53 silly audit   finalhandler: [ '1.1.2' ],
53 silly audit   'find-cache-dir': [ '2.1.0' ],
53 silly audit   'find-up': [ '4.1.0', '3.0.0' ],
53 silly audit   'flow-enums-runtime': [ '0.0.6' ],
53 silly audit   'flow-parser': [ '0.254.2' ],
53 silly audit   fresh: [ '0.5.2' ],
53 silly audit   'fs.realpath': [ '1.0.0' ],
53 silly audit   fsevents: [ '2.3.3' ],
53 silly audit   'function-bind': [ '1.1.2' ],
53 silly audit   gensync: [ '1.0.0-beta.2' ],
53 silly audit   'get-caller-file': [ '2.0.5' ],
53 silly audit   'get-package-type': [ '0.1.0' ],
53 silly audit   'get-stream': [ '6.0.1' ],
53 silly audit   glob: [ '7.2.3' ],
53 silly audit   globals: [ '11.12.0' ],
53 silly audit   'graceful-fs': [ '4.2.11' ],
53 silly audit   'has-flag': [ '4.0.0' ],
53 silly audit   hasown: [ '2.0.2' ],
53 silly audit   'http-errors': [ '2.0.0' ],
53 silly audit   statuses: [ '2.0.1', '1.5.0' ],
53 silly audit   'human-signals': [ '2.1.0' ],
53 silly audit   'image-size': [ '1.1.1' ],
53 silly audit   'import-fresh': [ '2.0.0' ],
53 silly audit   'resolve-from': [ '3.0.0', '5.0.0' ],
53 silly audit   imurmurhash: [ '0.1.4' ],
53 silly audit   inflight: [ '1.0.6' ],
53 silly audit   inherits: [ '2.0.4' ],
53 silly audit   invariant: [ '2.2.4' ],
53 silly audit   'is-arrayish': [ '0.2.1' ],
53 silly audit   'is-core-module': [ '2.15.1' ],
53 silly audit   'is-directory': [ '0.3.1' ],
53 silly audit   'is-docker': [ '2.2.1' ],
53 silly audit   'is-fullwidth-code-point': [ '3.0.0' ],
53 silly audit   'is-number': [ '7.0.0' ],
53 silly audit   'is-plain-object': [ '2.0.4' ],
53 silly audit   'is-stream': [ '2.0.1' ],
53 silly audit   'is-wsl': [ '2.2.0' ],
53 silly audit   isarray: [ '1.0.0' ],
53 silly audit   isexe: [ '2.0.0' ],
53 silly audit   isobject: [ '3.0.1' ],
53 silly audit   'istanbul-lib-coverage': [ '3.2.2' ],
53 silly audit   'istanbul-lib-instrument': [ '5.2.1' ],
53 silly audit   'jest-environment-node': [ '29.7.0' ],
53 silly audit   'jest-get-type': [ '29.6.3' ],
53 silly audit   'jest-haste-map': [ '29.7.0' ],
53 silly audit   'jest-message-util': [ '29.7.0' ],
53 silly audit   'jest-mock': [ '29.7.0' ],
53 silly audit   'jest-regex-util': [ '29.6.3' ],
53 silly audit   'jest-util': [ '29.7.0' ],
53 silly audit   'jest-validate': [ '29.7.0' ],
53 silly audit   'jest-worker': [ '29.7.0' ],
53 silly audit   'supports-color': [ '8.1.1', '7.2.0' ],
53 silly audit   'js-tokens': [ '4.0.0' ],
53 silly audit   'js-yaml': [ '3.14.1' ],
53 silly audit   'jsc-android': [ '250231.0.0' ],
53 silly audit   'jsc-safe-url': [ '0.2.4' ],
53 silly audit   jscodeshift: [ '0.14.0' ],
53 silly audit   'write-file-atomic': [ '2.4.3', '4.0.2' ],
53 silly audit   jsesc: [ '3.0.2' ],
53 silly audit   'json-parse-better-errors': [ '1.0.2' ],
53 silly audit   json5: [ '2.2.3' ],
53 silly audit   'kind-of': [ '6.0.3' ],
53 silly audit   leven: [ '3.1.0' ],
53 silly audit   'lighthouse-logger': [ '1.4.2' ],
53 silly audit   'locate-path': [ '5.0.0', '3.0.0' ],
53 silly audit   'lodash.debounce': [ '4.0.8' ],
53 silly audit   'lodash.throttle': [ '4.1.1' ],
53 silly audit   'loose-envify': [ '1.4.0' ],
53 silly audit   'lru-cache': [ '5.1.1' ],
53 silly audit   'make-dir': [ '2.1.0' ],
53 silly audit   makeerror: [ '1.0.12' ],
53 silly audit   marky: [ '1.2.5' ],
53 silly audit   'memoize-one': [ '5.2.1' ],
53 silly audit   'merge-stream': [ '2.0.0' ],
53 silly audit   metro: [ '0.81.0' ],
53 silly audit   'metro-babel-transformer': [ '0.81.0' ],
53 silly audit   'metro-cache': [ '0.81.0' ],
53 silly audit   'metro-cache-key': [ '0.81.0' ],
53 silly audit   'metro-config': [ '0.81.0' ],
53 silly audit   'metro-core': [ '0.81.0' ],
53 silly audit   'metro-file-map': [ '0.81.0' ],
53 silly audit   'metro-minify-terser': [ '0.81.0' ],
53 silly audit   'metro-resolver': [ '0.81.0' ],
53 silly audit   'metro-runtime': [ '0.81.0' ],
53 silly audit   'metro-source-map': [ '0.81.0' ],
53 silly audit   'metro-symbolicate': [ '0.81.0' ],
53 silly audit   'metro-transform-plugins': [ '0.81.0' ],
53 silly audit   'metro-transform-worker': [ '0.81.0' ],
53 silly audit   ws: [ '7.5.10', '6.2.3' ],
53 silly audit   micromatch: [ '4.0.8' ],
53 silly audit   mime: [ '1.6.0' ],
53 silly audit   'mime-db': [ '1.52.0' ],
53 silly audit   'mime-types': [ '2.1.35' ],
53 silly audit   'mimic-fn': [ '2.1.0' ],
53 silly audit   minimatch: [ '3.1.2' ],
53 silly audit   minimist: [ '1.2.8' ],
53 silly audit   negotiator: [ '0.6.3' ],
53 silly audit   'neo-async': [ '2.6.2' ],
53 silly audit   'node-abort-controller': [ '3.1.1' ],
53 silly audit   'node-dir': [ '0.1.17' ],
53 silly audit   'node-fetch': [ '2.7.0' ],
53 silly audit   'node-forge': [ '1.3.1' ],
53 silly audit   'node-int64': [ '0.4.0' ],
53 silly audit   'node-releases': [ '2.0.18' ],
53 silly audit   'normalize-path': [ '3.0.0' ],
53 silly audit   'npm-run-path': [ '4.0.1' ],
53 silly audit   nullthrows: [ '1.1.1' ],
53 silly audit   ob1: [ '0.81.0' ],
53 silly audit   'on-finished': [ '2.3.0', '2.4.1' ],
53 silly audit   once: [ '1.4.0' ],
53 silly audit   onetime: [ '5.1.2' ],
53 silly audit   open: [ '7.4.2' ],
53 silly audit   'p-limit': [ '2.3.0' ],
53 silly audit   'p-locate': [ '4.1.0', '3.0.0' ],
53 silly audit   'p-try': [ '2.2.0' ],
53 silly audit   'parse-json': [ '4.0.0' ],
53 silly audit   parseurl: [ '1.3.3' ],
53 silly audit   'path-exists': [ '4.0.0', '3.0.0' ],
53 silly audit   'path-is-absolute': [ '1.0.1' ],
53 silly audit   'path-key': [ '3.1.1' ],
53 silly audit   'path-parse': [ '1.0.7' ],
53 silly audit   picocolors: [ '1.1.1' ],
53 silly audit   picomatch: [ '2.3.1' ],
53 silly audit   pify: [ '4.0.1' ],
53 silly audit   pirates: [ '4.0.6' ],
53 silly audit   'pkg-dir': [ '3.0.0' ],
53 silly audit   'pretty-format': [ '29.7.0' ],
53 silly audit   'process-nextick-args': [ '2.0.1' ],
53 silly audit   promise: [ '8.3.0' ],
53 silly audit   queue: [ '6.0.2' ],
53 silly audit   'range-parser': [ '1.2.1' ],
53 silly audit   react: [ '18.3.1' ],
53 silly audit   'react-devtools-core': [ '5.3.2' ],
53 silly audit   'react-is': [ '18.3.1' ],
53 silly audit   'react-native': [ '0.76.3' ],
53 silly audit   'react-refresh': [ '0.14.2' ],
53 silly audit   'readable-stream': [ '2.3.8' ],
53 silly audit   readline: [ '1.3.0' ],
53 silly audit   recast: [ '0.21.5' ],
53 silly audit   'source-map': [ '0.6.1', '0.5.7' ],
53 silly audit   regenerate: [ '1.4.2' ],
53 silly audit   'regenerate-unicode-properties': [ '10.2.0' ],
53 silly audit   'regenerator-transform': [ '0.15.2' ],
53 silly audit   'regexpu-core': [ '6.2.0' ],
53 silly audit   regjsgen: [ '0.8.0' ],
53 silly audit   regjsparser: [ '0.12.0' ],
53 silly audit   'require-directory': [ '2.1.1' ],
53 silly audit   resolve: [ '1.22.8' ],
53 silly audit   rimraf: [ '3.0.2', '2.6.3' ],
53 silly audit   'safe-buffer': [ '5.1.2' ],
53 silly audit   scheduler: [ '0.24.0-canary-efb381bbf-20230505' ],
53 silly audit   selfsigned: [ '2.4.1' ],
53 silly audit   send: [ '0.19.0' ],
53 silly audit   'serialize-error': [ '2.1.0' ],
53 silly audit   'serve-static': [ '1.16.2' ],
53 silly audit   setprototypeof: [ '1.2.0' ],
53 silly audit   'shallow-clone': [ '3.0.1' ],
53 silly audit   'shebang-command': [ '2.0.0' ],
53 silly audit   'shebang-regex': [ '3.0.0' ],
53 silly audit   'shell-quote': [ '1.8.1' ],
53 silly audit   'signal-exit': [ '3.0.7' ],
53 silly audit   slash: [ '3.0.0' ],
53 silly audit   'source-map-support': [ '0.5.21' ],
53 silly audit   'sprintf-js': [ '1.0.3' ],
53 silly audit   'stack-utils': [ '2.0.6' ],
53 silly audit   stackframe: [ '1.3.4' ],
53 silly audit   'stacktrace-parser': [ '0.1.10' ],
53 silly audit   string_decoder: [ '1.1.1' ],
53 silly audit   'string-width': [ '4.2.3' ],
53 silly audit   'strip-ansi': [ '6.0.1' ],
53 silly audit   'strip-final-newline': [ '2.0.0' ],
53 silly audit   'supports-preserve-symlinks-flag': [ '1.0.0' ],
53 silly audit   temp: [ '0.8.4' ],
53 silly audit   terser: [ '5.36.0' ],
53 silly audit   'test-exclude': [ '6.0.0' ],
53 silly audit   throat: [ '5.0.0' ],
53 silly audit   through2: [ '2.0.5' ],
53 silly audit   tmpl: [ '1.0.5' ],
53 silly audit   'to-regex-range': [ '5.0.1' ],
53 silly audit   toidentifier: [ '1.0.1' ],
53 silly audit   tr46: [ '0.0.3' ],
53 silly audit   tslib: [ '2.8.1' ],
53 silly audit   'type-detect': [ '4.0.8' ],
53 silly audit   'type-fest': [ '0.7.1' ],
53 silly audit   'types-registry': [ '0.1.696' ],
53 silly audit   'undici-types': [ '6.19.8' ],
53 silly audit   'unicode-canonical-property-names-ecmascript': [ '2.0.1' ],
53 silly audit   'unicode-match-property-ecmascript': [ '2.0.0' ],
53 silly audit   'unicode-match-property-value-ecmascript': [ '2.2.0' ],
53 silly audit   'unicode-property-aliases-ecmascript': [ '2.1.0' ],
53 silly audit   unpipe: [ '1.0.0' ],
53 silly audit   'update-browserslist-db': [ '1.1.1' ],
53 silly audit   'util-deprecate': [ '1.0.2' ],
53 silly audit   'utils-merge': [ '1.0.1' ],
53 silly audit   vlq: [ '1.0.1' ],
53 silly audit   walker: [ '1.0.8' ],
53 silly audit   'webidl-conversions': [ '3.0.1' ],
53 silly audit   'whatwg-fetch': [ '3.6.20' ],
53 silly audit   'whatwg-url': [ '5.0.0' ],
53 silly audit   which: [ '2.0.2' ],
53 silly audit   'wrap-ansi': [ '7.0.0' ],
53 silly audit   wrappy: [ '1.0.2' ],
53 silly audit   xtend: [ '4.0.2' ],
53 silly audit   y18n: [ '5.0.8' ],
53 silly audit   yallist: [ '3.1.1' ],
53 silly audit   yargs: [ '17.7.2' ],
53 silly audit   'yargs-parser': [ '21.1.1' ],
53 silly audit   '@types/react': [ '18.3.12' ]
53 silly audit }
54 verbose reify failed optional dependency /home/ubuntu/.cache/typescript/5.6/node_modules/fsevents
55 silly reify mark deleted [ '/home/ubuntu/.cache/typescript/5.6/node_modules/fsevents' ]
56 timing reifyNode:node_modules/fsevents Completed in 4ms
57 timing reify:unpack Completed in 5ms
58 timing reify:unretire Completed in 0ms
59 timing build:queue Completed in 3ms
60 timing build:deps Completed in 3ms
61 timing build Completed in 3ms
62 timing reify:build Completed in 4ms
63 timing reify:trash Completed in 3ms
64 http fetch POST 200 https://registry.npmjs.org/-/npm/v1/security/advisories/bulk 214ms
65 timing auditReport:getReport Completed in 228ms
66 silly audit report {}
67 timing auditReport:init Completed in 0ms
68 timing reify:audit Completed in 232ms
69 timing reify:save Completed in 202ms
70 timing reify Completed in 1701ms
71 silly ADD
72 timing command:install Completed in 1722ms
73 verbose exit 0
74 timing npm Completed in 1808ms
75 info ok
