2024-11-25 04:08:18.898 [info] [main] Log level: Info
2024-11-25 04:08:18.899 [info] [main] Validating found git in: "git"
2024-11-25 04:08:18.899 [info] [main] Using git "2.43.0" from "git"
2024-11-25 04:08:18.899 [info] [Model][doInitialScan] Initial repository scan started
2024-11-25 04:08:18.899 [info] > git rev-parse --show-toplevel [42ms]
2024-11-25 04:08:18.899 [info] fatal: not a git repository (or any of the parent directories): .git
2024-11-25 04:08:18.899 [info] > git rev-parse --show-toplevel [5ms]
2024-11-25 04:08:18.899 [info] fatal: not a git repository (or any of the parent directories): .git
2024-11-25 04:08:18.899 [info] > git rev-parse --show-toplevel [1ms]
2024-11-25 04:08:18.899 [info] fatal: not a git repository (or any of the parent directories): .git
2024-11-25 04:08:18.899 [info] > git rev-parse --show-toplevel [4ms]
2024-11-25 04:08:18.899 [info] fatal: not a git repository (or any of the parent directories): .git
2024-11-25 04:08:18.899 [info] > git rev-parse --show-toplevel [2ms]
2024-11-25 04:08:18.899 [info] fatal: not a git repository (or any of the parent directories): .git
2024-11-25 04:08:18.899 [info] > git rev-parse --show-toplevel [2ms]
2024-11-25 04:08:18.899 [info] fatal: not a git repository (or any of the parent directories): .git
2024-11-25 04:08:18.899 [info] > git rev-parse --show-toplevel [1ms]
2024-11-25 04:08:18.899 [info] fatal: not a git repository (or any of the parent directories): .git
2024-11-25 04:08:18.899 [info] > git rev-parse --show-toplevel [6ms]
2024-11-25 04:08:18.899 [info] > git rev-parse --git-dir --git-common-dir [1ms]
2024-11-25 04:08:18.899 [info] [Model][openRepository] Opened repository: /home/ubuntu/HabitTrackerDjango
2024-11-25 04:08:18.899 [info] > git config --get commit.template [4ms]
2024-11-25 04:08:18.899 [info] > git rev-parse --show-toplevel [7ms]
2024-11-25 04:08:18.899 [info] > git rev-parse --git-dir --git-common-dir [2ms]
2024-11-25 04:08:18.899 [info] [Model][openRepository] Opened repository: /home/ubuntu/HabitTrackerExpo
2024-11-25 04:08:18.899 [info] > git config --get commit.template [6ms]
2024-11-25 04:08:18.899 [info] > git for-each-ref --format=%(refname)%00%(upstream:short)%00%(objectname)%00%(upstream:track)%00%(upstream:remotename)%00%(upstream:remoteref) refs/heads/master refs/remotes/master [25ms]
2024-11-25 04:08:18.899 [warning] [Git][revParse] Unable to read file: ENOENT: no such file or directory, open '/home/ubuntu/HabitTrackerDjango/.git/refs/remotes/origin/master'
2024-11-25 04:08:18.899 [info] > git rev-parse --show-toplevel [8ms]
2024-11-25 04:08:18.899 [info] > git rev-parse refs/remotes/origin/master [8ms]
2024-11-25 04:08:18.899 [info] > git for-each-ref --format=%(refname)%00%(upstream:short)%00%(objectname)%00%(upstream:track)%00%(upstream:remotename)%00%(upstream:remoteref) refs/heads/master refs/remotes/master [17ms]
2024-11-25 04:08:18.899 [info] > git rev-parse --git-dir --git-common-dir [14ms]
2024-11-25 04:08:18.899 [info] [Model][openRepository] Opened repository: /home/ubuntu/ec2_scripts
2024-11-25 04:08:18.899 [info] [Model][doInitialScan] Initial repository scan completed - repositories (3), closed repositories (0), parent repositories (0), unsafe repositories (0)
2024-11-25 04:08:18.899 [warning] [Git][revParse] Unable to read file: ENOENT: no such file or directory, open '/home/ubuntu/HabitTrackerExpo/.git/refs/remotes/origin/master'
2024-11-25 04:08:18.899 [info] > git status -z -uall [26ms]
2024-11-25 04:08:18.899 [info] > git for-each-ref --sort -committerdate --format %(refname) %(objectname) %(*objectname) [22ms]
2024-11-25 04:08:18.899 [info] > git config --get commit.template [5ms]
2024-11-25 04:08:18.899 [info] > git rev-parse refs/remotes/origin/master [9ms]
2024-11-25 04:08:18.899 [info] > git status -z -uall [103ms]
2024-11-25 04:08:18.899 [info] > git for-each-ref --format=%(refname)%00%(upstream:short)%00%(objectname)%00%(upstream:track)%00%(upstream:remotename)%00%(upstream:remoteref) refs/heads/master refs/remotes/master [87ms]
2024-11-25 04:08:18.899 [info] > git for-each-ref --sort -committerdate --format %(refname) %(objectname) %(*objectname) [103ms]
2024-11-25 04:08:18.899 [info] > git for-each-ref --format=%(refname)%00%(upstream:short)%00%(objectname)%00%(upstream:track)%00%(upstream:remotename)%00%(upstream:remoteref) refs/heads/master refs/remotes/master [18ms]
2024-11-25 04:08:18.899 [info] > git config --local branch.master.vscode-merge-base [28ms]
2024-11-25 04:08:18.899 [info] > git config --get commit.template [39ms]
2024-11-25 04:08:18.899 [info] > git for-each-ref --format=%(refname)%00%(upstream:short)%00%(objectname)%00%(upstream:track)%00%(upstream:remotename)%00%(upstream:remoteref) refs/heads/origin/master refs/remotes/origin/master [4ms]
2024-11-25 04:08:18.899 [info] > git config --get commit.template [20ms]
2024-11-25 04:08:18.899 [info] > git for-each-ref --format=%(refname)%00%(upstream:short)%00%(objectname)%00%(upstream:track)%00%(upstream:remotename)%00%(upstream:remoteref) refs/heads/master refs/remotes/master [33ms]
2024-11-25 04:08:18.899 [info] > git config --local branch.master.vscode-merge-base [25ms]
2024-11-25 04:08:18.899 [warning] [Git][revParse] Unable to read file: ENOENT: no such file or directory, open '/home/ubuntu/ec2_scripts/.git/refs/remotes/origin/master'
2024-11-25 04:08:18.899 [info] > git for-each-ref --format=%(refname)%00%(upstream:short)%00%(objectname)%00%(upstream:track)%00%(upstream:remotename)%00%(upstream:remoteref) refs/heads/master refs/remotes/master [21ms]
2024-11-25 04:08:18.899 [info] > git merge-base refs/heads/master refs/remotes/origin/master [27ms]
2024-11-25 04:08:18.899 [warning] [Git][revParse] Unable to read file: ENOENT: no such file or directory, open '/home/ubuntu/HabitTrackerDjango/.git/refs/remotes/origin/master'
2024-11-25 04:08:18.899 [info] > git rev-parse refs/remotes/origin/master [13ms]
2024-11-25 04:08:18.899 [info] > git for-each-ref --format=%(refname)%00%(upstream:short)%00%(objectname)%00%(upstream:track)%00%(upstream:remotename)%00%(upstream:remoteref) refs/heads/master refs/remotes/master [25ms]
2024-11-25 04:08:18.899 [info] > git for-each-ref --format=%(refname)%00%(upstream:short)%00%(objectname)%00%(upstream:track)%00%(upstream:remotename)%00%(upstream:remoteref) refs/heads/origin/master refs/remotes/origin/master [32ms]
2024-11-25 04:08:18.899 [warning] [Git][revParse] Unable to read file: ENOENT: no such file or directory, open '/home/ubuntu/HabitTrackerExpo/.git/refs/remotes/origin/master'
2024-11-25 04:08:18.899 [info] > git status -z -uall [15ms]
2024-11-25 04:08:18.899 [info] > git for-each-ref --sort -committerdate --format %(refname) %(objectname) %(*objectname) [11ms]
2024-11-25 04:08:18.899 [info] > git rev-parse refs/remotes/origin/master [19ms]
2024-11-25 04:08:18.899 [info] > git diff --name-status -z --diff-filter=ADMR 7fc4ee2e594fcdba1a7e7076085e380abeb619f4...refs/remotes/origin/master [33ms]
2024-11-25 04:08:18.899 [info] > git status -z -uall [10ms]
2024-11-25 04:08:18.899 [info] > git rev-parse refs/remotes/origin/master [15ms]
2024-11-25 04:08:18.899 [info] > git merge-base refs/heads/master refs/remotes/origin/master [28ms]
2024-11-25 04:08:18.899 [info] > git status -z -uall [24ms]
2024-11-25 04:08:18.899 [info] > git for-each-ref --format=%(refname)%00%(upstream:short)%00%(objectname)%00%(upstream:track)%00%(upstream:remotename)%00%(upstream:remoteref) refs/heads/master refs/remotes/master [8ms]
2024-11-25 04:08:18.899 [info] > git diff --name-status -z --diff-filter=ADMR 770f00fa091c6a1d709d80cfac8c21a00c1d7230...refs/remotes/origin/master [20ms]
2024-11-25 04:08:18.899 [info] > git for-each-ref --sort -committerdate --format %(refname) %(objectname) %(*objectname) [24ms]
2024-11-25 04:08:18.899 [info] > git for-each-ref --sort -committerdate --format %(refname) %(objectname) %(*objectname) [44ms]
2024-11-25 04:08:18.899 [info] > git config --local branch.master.vscode-merge-base [20ms]
2024-11-25 04:08:18.899 [info] > git config --get commit.template [32ms]
2024-11-25 04:08:18.905 [info] > git for-each-ref --format=%(refname)%00%(upstream:short)%00%(objectname)%00%(upstream:track)%00%(upstream:remotename)%00%(upstream:remoteref) refs/heads/origin/master refs/remotes/origin/master [9ms]
2024-11-25 04:08:18.910 [info] > git for-each-ref --format=%(refname)%00%(upstream:short)%00%(objectname)%00%(upstream:track)%00%(upstream:remotename)%00%(upstream:remoteref) refs/heads/master refs/remotes/master [6ms]
2024-11-25 04:08:18.917 [warning] [Git][revParse] Unable to read file: ENOENT: no such file or directory, open '/home/ubuntu/ec2_scripts/.git/refs/remotes/origin/master'
2024-11-25 04:08:18.918 [info] > git merge-base refs/heads/master refs/remotes/origin/master [9ms]
2024-11-25 04:08:18.925 [info] > git rev-parse refs/remotes/origin/master [9ms]
2024-11-25 04:08:18.933 [info] > git status -z -uall [5ms]
2024-11-25 04:08:18.934 [info] > git diff --name-status -z --diff-filter=ADMR 49126d879cf67c4458fbdbd4b565eee2fb0f0b00...refs/remotes/origin/master [12ms]
2024-11-25 04:08:18.936 [info] > git for-each-ref --sort -committerdate --format %(refname) %(objectname) %(*objectname) [3ms]
2024-11-25 04:08:19.449 [info] > git check-ignore -v -z --stdin [10ms]
2024-11-25 04:08:19.451 [info] > git check-ignore -v -z --stdin [9ms]
2024-11-25 04:08:19.451 [info] > git check-ignore -v -z --stdin [5ms]
2024-11-25 04:08:50.288 [info] > git config --get commit.template [1ms]
2024-11-25 04:08:50.295 [info] > git for-each-ref --format=%(refname)%00%(upstream:short)%00%(objectname)%00%(upstream:track)%00%(upstream:remotename)%00%(upstream:remoteref) refs/heads/master refs/remotes/master [3ms]
2024-11-25 04:08:50.299 [warning] [Git][revParse] Unable to read file: ENOENT: no such file or directory, open '/home/ubuntu/HabitTrackerExpo/.git/refs/remotes/origin/master'
2024-11-25 04:08:50.302 [info] > git rev-parse refs/remotes/origin/master [3ms]
2024-11-25 04:08:50.315 [info] > git status -z -uall [11ms]
2024-11-25 04:08:50.321 [info] > git for-each-ref --sort -committerdate --format %(refname) %(objectname) %(*objectname) [7ms]
2024-11-25 04:17:13.275 [info] > git check-ignore -v -z --stdin [1ms]
2024-11-25 04:17:19.583 [info] > git check-ignore -v -z --stdin [1ms]
2024-11-25 04:17:46.902 [info] > git check-ignore -v -z --stdin [2ms]
2024-11-25 04:17:50.918 [info] > git check-ignore -v -z --stdin [1ms]
2024-11-25 04:17:52.710 [info] > git check-ignore -v -z --stdin [1ms]
2024-11-25 04:17:54.230 [info] > git check-ignore -v -z --stdin [2ms]
2024-11-25 04:17:55.847 [info] > git check-ignore -v -z --stdin [2ms]
2024-11-25 04:17:59.769 [info] > git show --textconv :app/habits.js [59ms]
2024-11-25 04:17:59.825 [info] > git ls-files --stage -- /home/ubuntu/HabitTrackerExpo/app/habits.js [101ms]
2024-11-25 04:18:42.742 [info] > git ls-files --stage -- /home/ubuntu/HabitTrackerExpo/app/addHabit.js [9ms]
2024-11-25 04:18:42.744 [info] > git show --textconv :app/addHabit.js [15ms]
2024-11-25 04:18:51.526 [info] > git config --get commit.template [7ms]
2024-11-25 04:18:51.536 [info] > git for-each-ref --format=%(refname)%00%(upstream:short)%00%(objectname)%00%(upstream:track)%00%(upstream:remotename)%00%(upstream:remoteref) refs/heads/master refs/remotes/master [14ms]
2024-11-25 04:18:51.542 [warning] [Git][revParse] Unable to read file: ENOENT: no such file or directory, open '/home/ubuntu/HabitTrackerExpo/.git/refs/remotes/origin/master'
2024-11-25 04:18:51.547 [info] > git rev-parse refs/remotes/origin/master [5ms]
2024-11-25 04:18:51.564 [info] > git for-each-ref --sort -committerdate --format %(refname) %(objectname) %(*objectname) [5ms]
2024-11-25 04:18:51.577 [info] > git status -z -uall [22ms]
2024-11-25 04:18:56.602 [info] > git config --get commit.template [4ms]
2024-11-25 04:18:56.603 [info] > git for-each-ref --format=%(refname)%00%(upstream:short)%00%(objectname)%00%(upstream:track)%00%(upstream:remotename)%00%(upstream:remoteref) refs/heads/master refs/remotes/master [1ms]
2024-11-25 04:18:56.606 [warning] [Git][revParse] Unable to read file: ENOENT: no such file or directory, open '/home/ubuntu/HabitTrackerExpo/.git/refs/remotes/origin/master'
2024-11-25 04:18:56.608 [info] > git rev-parse refs/remotes/origin/master [2ms]
2024-11-25 04:18:56.616 [info] > git status -z -uall [6ms]
2024-11-25 04:18:56.619 [info] > git for-each-ref --sort -committerdate --format %(refname) %(objectname) %(*objectname) [4ms]
2024-11-25 04:19:09.644 [info] > git show --textconv :app/progress.js [30ms]
2024-11-25 04:19:09.653 [info] > git ls-files --stage -- /home/ubuntu/HabitTrackerExpo/app/progress.js [19ms]
2024-11-25 04:20:00.552 [info] > git show --textconv :app/habits.js [17ms]
2024-11-25 04:20:00.565 [info] > git ls-files --stage -- /home/ubuntu/HabitTrackerExpo/app/habits.js [18ms]
2024-11-25 04:20:21.331 [info] > git config --get commit.template [30ms]
2024-11-25 04:20:21.342 [info] > git for-each-ref --format=%(refname)%00%(upstream:short)%00%(objectname)%00%(upstream:track)%00%(upstream:remotename)%00%(upstream:remoteref) refs/heads/master refs/remotes/master [42ms]
2024-11-25 04:20:21.345 [warning] [Git][revParse] Unable to read file: ENOENT: no such file or directory, open '/home/ubuntu/HabitTrackerExpo/.git/refs/remotes/origin/master'
2024-11-25 04:20:21.347 [info] > git rev-parse refs/remotes/origin/master [2ms]
2024-11-25 04:20:21.355 [info] > git for-each-ref --sort -committerdate --format %(refname) %(objectname) %(*objectname) [3ms]
2024-11-25 04:20:21.375 [info] > git status -z -uall [26ms]
2024-11-25 04:20:25.995 [info] > git rev-parse --show-toplevel [4ms]
2024-11-25 04:20:25.995 [info] fatal: not a git repository (or any of the parent directories): .git
2024-11-25 04:21:54.167 [info] > git config --get commit.template [5ms]
2024-11-25 04:21:54.178 [info] > git for-each-ref --format=%(refname)%00%(upstream:short)%00%(objectname)%00%(upstream:track)%00%(upstream:remotename)%00%(upstream:remoteref) refs/heads/master refs/remotes/master [12ms]
2024-11-25 04:21:54.181 [warning] [Git][revParse] Unable to read file: ENOENT: no such file or directory, open '/home/ubuntu/HabitTrackerDjango/.git/refs/remotes/origin/master'
2024-11-25 04:21:54.183 [info] > git rev-parse refs/remotes/origin/master [2ms]
2024-11-25 04:21:54.199 [info] > git for-each-ref --sort -committerdate --format %(refname) %(objectname) %(*objectname) [2ms]
2024-11-25 04:21:54.206 [info] > git status -z -uall [15ms]
2024-11-25 04:22:08.968 [info] > git config --get commit.template [4ms]
2024-11-25 04:22:08.969 [info] > git for-each-ref --format=%(refname)%00%(upstream:short)%00%(objectname)%00%(upstream:track)%00%(upstream:remotename)%00%(upstream:remoteref) refs/heads/master refs/remotes/master [1ms]
2024-11-25 04:22:08.972 [warning] [Git][revParse] Unable to read file: ENOENT: no such file or directory, open '/home/ubuntu/HabitTrackerDjango/.git/refs/remotes/origin/master'
2024-11-25 04:22:08.973 [info] > git rev-parse refs/remotes/origin/master [1ms]
2024-11-25 04:22:08.983 [info] > git status -z -uall [8ms]
2024-11-25 04:22:08.984 [info] > git for-each-ref --sort -committerdate --format %(refname) %(objectname) %(*objectname) [4ms]
2024-11-25 04:29:59.223 [info] > git config --get commit.template [0ms]
2024-11-25 04:29:59.227 [info] > git for-each-ref --format=%(refname)%00%(upstream:short)%00%(objectname)%00%(upstream:track)%00%(upstream:remotename)%00%(upstream:remoteref) refs/heads/master refs/remotes/master [1ms]
2024-11-25 04:29:59.231 [warning] [Git][revParse] Unable to read file: ENOENT: no such file or directory, open '/home/ubuntu/HabitTrackerDjango/.git/refs/remotes/origin/master'
2024-11-25 04:29:59.232 [info] > git rev-parse refs/remotes/origin/master [1ms]
2024-11-25 04:29:59.243 [info] > git status -z -uall [10ms]
2024-11-25 04:29:59.243 [info] > git for-each-ref --sort -committerdate --format %(refname) %(objectname) %(*objectname) [4ms]
2024-11-25 04:30:02.505 [info] > git show --textconv :app/habits.js [7ms]
2024-11-25 04:30:02.507 [info] > git ls-files --stage -- /home/ubuntu/HabitTrackerExpo/app/habits.js [5ms]
2024-11-25 04:30:04.257 [info] > git config --get commit.template [4ms]
2024-11-25 04:30:04.258 [info] > git for-each-ref --format=%(refname)%00%(upstream:short)%00%(objectname)%00%(upstream:track)%00%(upstream:remotename)%00%(upstream:remoteref) refs/heads/master refs/remotes/master [2ms]
2024-11-25 04:30:04.262 [warning] [Git][revParse] Unable to read file: ENOENT: no such file or directory, open '/home/ubuntu/HabitTrackerDjango/.git/refs/remotes/origin/master'
2024-11-25 04:30:04.264 [info] > git rev-parse refs/remotes/origin/master [2ms]
2024-11-25 04:30:04.273 [info] > git status -z -uall [7ms]
2024-11-25 04:30:04.274 [info] > git for-each-ref --sort -committerdate --format %(refname) %(objectname) %(*objectname) [4ms]
2024-11-25 04:30:07.257 [info] > git config --get commit.template [4ms]
2024-11-25 04:30:07.259 [info] > git for-each-ref --format=%(refname)%00%(upstream:short)%00%(objectname)%00%(upstream:track)%00%(upstream:remotename)%00%(upstream:remoteref) refs/heads/master refs/remotes/master [3ms]
2024-11-25 04:30:07.261 [warning] [Git][revParse] Unable to read file: ENOENT: no such file or directory, open '/home/ubuntu/HabitTrackerExpo/.git/refs/remotes/origin/master'
2024-11-25 04:30:07.262 [info] > git rev-parse refs/remotes/origin/master [1ms]
2024-11-25 04:30:07.271 [info] > git for-each-ref --sort -committerdate --format %(refname) %(objectname) %(*objectname) [3ms]
2024-11-25 04:30:07.276 [info] > git status -z -uall [11ms]
2024-11-25 04:30:27.842 [info] > git config --get commit.template [4ms]
2024-11-25 04:30:27.842 [info] > git for-each-ref --format=%(refname)%00%(upstream:short)%00%(objectname)%00%(upstream:track)%00%(upstream:remotename)%00%(upstream:remoteref) refs/heads/master refs/remotes/master [2ms]
2024-11-25 04:30:27.845 [warning] [Git][revParse] Unable to read file: ENOENT: no such file or directory, open '/home/ubuntu/HabitTrackerDjango/.git/refs/remotes/origin/master'
2024-11-25 04:30:27.848 [info] > git rev-parse refs/remotes/origin/master [1ms]
2024-11-25 04:30:27.857 [info] > git status -z -uall [7ms]
2024-11-25 04:30:27.858 [info] > git for-each-ref --sort -committerdate --format %(refname) %(objectname) %(*objectname) [3ms]
2024-11-25 04:30:32.868 [info] > git config --get commit.template [1ms]
2024-11-25 04:30:32.872 [info] > git for-each-ref --format=%(refname)%00%(upstream:short)%00%(objectname)%00%(upstream:track)%00%(upstream:remotename)%00%(upstream:remoteref) refs/heads/master refs/remotes/master [1ms]
2024-11-25 04:30:32.876 [warning] [Git][revParse] Unable to read file: ENOENT: no such file or directory, open '/home/ubuntu/HabitTrackerDjango/.git/refs/remotes/origin/master'
2024-11-25 04:30:32.876 [info] > git rev-parse refs/remotes/origin/master [1ms]
2024-11-25 04:30:32.883 [info] > git status -z -uall [5ms]
2024-11-25 04:30:32.885 [info] > git for-each-ref --sort -committerdate --format %(refname) %(objectname) %(*objectname) [3ms]
2024-11-25 04:37:40.328 [info] > git config --get commit.template [6ms]
2024-11-25 04:37:40.338 [info] > git for-each-ref --format=%(refname)%00%(upstream:short)%00%(objectname)%00%(upstream:track)%00%(upstream:remotename)%00%(upstream:remoteref) refs/heads/master refs/remotes/master [13ms]
2024-11-25 04:37:40.341 [warning] [Git][revParse] Unable to read file: ENOENT: no such file or directory, open '/home/ubuntu/HabitTrackerDjango/.git/refs/remotes/origin/master'
2024-11-25 04:37:40.342 [info] > git rev-parse refs/remotes/origin/master [1ms]
2024-11-25 04:37:40.351 [info] > git for-each-ref --sort -committerdate --format %(refname) %(objectname) %(*objectname) [1ms]
2024-11-25 04:37:40.365 [info] > git status -z -uall [18ms]
2024-11-25 04:37:44.281 [info] > git check-ignore -v -z --stdin [2ms]
2024-11-25 04:37:45.373 [info] > git config --get commit.template [1ms]
2024-11-25 04:37:45.378 [info] > git for-each-ref --format=%(refname)%00%(upstream:short)%00%(objectname)%00%(upstream:track)%00%(upstream:remotename)%00%(upstream:remoteref) refs/heads/master refs/remotes/master [1ms]
2024-11-25 04:37:45.381 [warning] [Git][revParse] Unable to read file: ENOENT: no such file or directory, open '/home/ubuntu/HabitTrackerDjango/.git/refs/remotes/origin/master'
2024-11-25 04:37:45.382 [info] > git rev-parse refs/remotes/origin/master [1ms]
2024-11-25 04:37:45.389 [info] > git status -z -uall [3ms]
2024-11-25 04:37:45.391 [info] > git for-each-ref --sort -committerdate --format %(refname) %(objectname) %(*objectname) [2ms]
2024-11-25 04:37:50.753 [info] > git show --textconv :habit_app/views.py [22ms]
2024-11-25 04:37:50.762 [info] > git ls-files --stage -- /home/ubuntu/HabitTrackerDjango/habit_app/views.py [10ms]
2024-11-25 04:37:58.324 [info] > git config --get commit.template [5ms]
2024-11-25 04:37:58.326 [info] > git for-each-ref --format=%(refname)%00%(upstream:short)%00%(objectname)%00%(upstream:track)%00%(upstream:remotename)%00%(upstream:remoteref) refs/heads/master refs/remotes/master [3ms]
2024-11-25 04:37:58.329 [warning] [Git][revParse] Unable to read file: ENOENT: no such file or directory, open '/home/ubuntu/HabitTrackerDjango/.git/refs/remotes/origin/master'
2024-11-25 04:37:58.332 [info] > git rev-parse refs/remotes/origin/master [2ms]
2024-11-25 04:37:58.342 [info] > git status -z -uall [8ms]
2024-11-25 04:37:58.342 [info] > git for-each-ref --sort -committerdate --format %(refname) %(objectname) %(*objectname) [4ms]
2024-11-25 04:38:03.357 [info] > git config --get commit.template [4ms]
2024-11-25 04:38:03.359 [info] > git for-each-ref --format=%(refname)%00%(upstream:short)%00%(objectname)%00%(upstream:track)%00%(upstream:remotename)%00%(upstream:remoteref) refs/heads/master refs/remotes/master [2ms]
2024-11-25 04:38:03.362 [warning] [Git][revParse] Unable to read file: ENOENT: no such file or directory, open '/home/ubuntu/HabitTrackerDjango/.git/refs/remotes/origin/master'
2024-11-25 04:38:03.363 [info] > git rev-parse refs/remotes/origin/master [1ms]
2024-11-25 04:38:03.371 [info] > git status -z -uall [6ms]
2024-11-25 04:38:03.372 [info] > git for-each-ref --sort -committerdate --format %(refname) %(objectname) %(*objectname) [2ms]
2024-11-25 04:41:11.283 [info] > git config --get commit.template [2ms]
2024-11-25 04:41:11.292 [info] > git for-each-ref --format=%(refname)%00%(upstream:short)%00%(objectname)%00%(upstream:track)%00%(upstream:remotename)%00%(upstream:remoteref) refs/heads/master refs/remotes/master [3ms]
2024-11-25 04:41:11.297 [warning] [Git][revParse] Unable to read file: ENOENT: no such file or directory, open '/home/ubuntu/HabitTrackerDjango/.git/refs/remotes/origin/master'
2024-11-25 04:41:11.301 [info] > git rev-parse refs/remotes/origin/master [4ms]
2024-11-25 04:41:11.320 [info] > git status -z -uall [10ms]
2024-11-25 04:41:11.323 [info] > git for-each-ref --sort -committerdate --format %(refname) %(objectname) %(*objectname) [6ms]
2024-11-25 04:41:20.300 [info] > git config --get commit.template [4ms]
2024-11-25 04:41:20.302 [info] > git for-each-ref --format=%(refname)%00%(upstream:short)%00%(objectname)%00%(upstream:track)%00%(upstream:remotename)%00%(upstream:remoteref) refs/heads/master refs/remotes/master [2ms]
2024-11-25 04:41:20.305 [warning] [Git][revParse] Unable to read file: ENOENT: no such file or directory, open '/home/ubuntu/HabitTrackerDjango/.git/refs/remotes/origin/master'
2024-11-25 04:41:20.308 [info] > git rev-parse refs/remotes/origin/master [3ms]
2024-11-25 04:41:20.316 [info] > git status -z -uall [5ms]
2024-11-25 04:41:20.318 [info] > git for-each-ref --sort -committerdate --format %(refname) %(objectname) %(*objectname) [2ms]
2024-11-25 04:41:22.673 [info] > git show --textconv :habit_app/urls.py [3ms]
2024-11-25 04:41:22.675 [info] > git ls-files --stage -- /home/ubuntu/HabitTrackerDjango/habit_app/urls.py [3ms]
2024-11-25 04:42:03.773 [info] > git show --textconv :app/progress.js [15ms]
2024-11-25 04:42:03.776 [info] > git ls-files --stage -- /home/ubuntu/HabitTrackerExpo/app/progress.js [7ms]
2024-11-25 04:42:18.295 [info] > git config --get commit.template [8ms]
2024-11-25 04:42:18.306 [info] > git for-each-ref --format=%(refname)%00%(upstream:short)%00%(objectname)%00%(upstream:track)%00%(upstream:remotename)%00%(upstream:remoteref) refs/heads/master refs/remotes/master [15ms]
2024-11-25 04:42:18.308 [warning] [Git][revParse] Unable to read file: ENOENT: no such file or directory, open '/home/ubuntu/HabitTrackerExpo/.git/refs/remotes/origin/master'
2024-11-25 04:42:18.310 [info] > git rev-parse refs/remotes/origin/master [2ms]
2024-11-25 04:42:18.320 [info] > git for-each-ref --sort -committerdate --format %(refname) %(objectname) %(*objectname) [3ms]
2024-11-25 04:42:18.330 [info] > git status -z -uall [18ms]
2024-11-25 04:42:48.467 [info] > git show --textconv :habit_app/views.py [5ms]
2024-11-25 04:42:48.469 [info] > git ls-files --stage -- /home/ubuntu/HabitTrackerDjango/habit_app/views.py [3ms]
2024-11-25 04:44:02.727 [info] > git show --textconv :habit_app/urls.py [5ms]
2024-11-25 04:44:02.728 [info] > git ls-files --stage -- /home/ubuntu/HabitTrackerDjango/habit_app/urls.py [2ms]
