2024-11-24 04:25:27.090 [info] [main] Log level: Info
2024-11-24 04:25:27.091 [info] [main] Validating found git in: "git"
2024-11-24 04:25:27.091 [info] [main] Using git "2.43.0" from "git"
2024-11-24 04:25:27.091 [info] [Model][doInitialScan] Initial repository scan started
2024-11-24 04:25:27.091 [info] > git rev-parse --show-toplevel [25ms]
2024-11-24 04:25:27.091 [info] fatal: not a git repository (or any of the parent directories): .git
2024-11-24 04:25:27.091 [info] > git rev-parse --show-toplevel [18ms]
2024-11-24 04:25:27.091 [info] > git rev-parse --git-dir --git-common-dir [25ms]
2024-11-24 04:25:27.091 [info] [Model][openRepository] Opened repository: /home/ubuntu/HabitTrackerDjango
2024-11-24 04:25:27.103 [info] > git rev-parse --show-toplevel [9ms]
2024-11-24 04:25:27.103 [info] fatal: not a git repository (or any of the parent directories): .git
2024-11-24 04:25:27.107 [info] > git config --get commit.template [29ms]
2024-11-24 04:25:27.656 [info] > git rev-parse --show-toplevel [514ms]
2024-11-24 04:25:27.656 [info] fatal: not a git repository (or any of the parent directories): .git
2024-11-24 04:25:27.739 [info] > git for-each-ref --format=%(refname)%00%(upstream:short)%00%(objectname)%00%(upstream:track)%00%(upstream:remotename)%00%(upstream:remoteref) refs/heads/master refs/remotes/master [114ms]
2024-11-24 04:25:27.758 [info] > git rev-parse --show-toplevel [64ms]
2024-11-24 04:25:27.758 [info] fatal: not a git repository (or any of the parent directories): .git
2024-11-24 04:25:27.786 [warning] [Git][revParse] Unable to read file: ENOENT: no such file or directory, open '/home/ubuntu/HabitTrackerDjango/.git/refs/remotes/origin/master'
2024-11-24 04:25:27.827 [info] > git rev-parse refs/remotes/origin/master [41ms]
2024-11-24 04:25:27.915 [info] > git status -z -uall [52ms]
2024-11-24 04:25:27.916 [info] > git rev-parse --show-toplevel [93ms]
2024-11-24 04:25:27.916 [info] fatal: not a git repository (or any of the parent directories): .git
2024-11-24 04:25:27.946 [info] > git for-each-ref --sort -committerdate --format %(refname) %(objectname) %(*objectname) [46ms]
2024-11-24 04:25:28.299 [info] > git for-each-ref --format=%(refname)%00%(upstream:short)%00%(objectname)%00%(upstream:track)%00%(upstream:remotename)%00%(upstream:remoteref) refs/heads/master refs/remotes/master [230ms]
2024-11-24 04:25:28.339 [info] > git check-ignore -v -z --stdin [11ms]
2024-11-24 04:25:28.343 [info] > git config --local branch.master.vscode-merge-base [35ms]
2024-11-24 04:25:28.355 [info] > git config --get commit.template [60ms]
2024-11-24 04:25:28.355 [info] > git rev-parse --show-toplevel [90ms]
2024-11-24 04:25:28.355 [info] fatal: not a git repository (or any of the parent directories): .git
2024-11-24 04:25:28.387 [info] > git rev-parse --show-toplevel [17ms]
2024-11-24 04:25:28.387 [info] fatal: not a git repository (or any of the parent directories): .git
2024-11-24 04:25:28.394 [info] > git for-each-ref --format=%(refname)%00%(upstream:short)%00%(objectname)%00%(upstream:track)%00%(upstream:remotename)%00%(upstream:remoteref) refs/heads/origin/master refs/remotes/origin/master [39ms]
2024-11-24 04:25:28.433 [info] > git for-each-ref --format=%(refname)%00%(upstream:short)%00%(objectname)%00%(upstream:track)%00%(upstream:remotename)%00%(upstream:remoteref) refs/heads/master refs/remotes/master [48ms]
2024-11-24 04:25:28.437 [info] > git merge-base refs/heads/master refs/remotes/origin/master [18ms]
2024-11-24 04:25:28.449 [warning] [Git][revParse] Unable to read file: ENOENT: no such file or directory, open '/home/ubuntu/HabitTrackerDjango/.git/refs/remotes/origin/master'
2024-11-24 04:25:28.451 [info] > git rev-parse --show-toplevel [18ms]
2024-11-24 04:25:28.460 [info] > git rev-parse refs/remotes/origin/master [10ms]
2024-11-24 04:25:28.467 [info] > git diff --name-status -z --diff-filter=ADMR 7fc4ee2e594fcdba1a7e7076085e380abeb619f4...refs/remotes/origin/master [24ms]
2024-11-24 04:25:28.470 [info] > git status -z -uall [8ms]
2024-11-24 04:25:28.470 [info] > git for-each-ref --sort -committerdate --format %(refname) %(objectname) %(*objectname) [4ms]
2024-11-24 04:25:28.474 [info] > git rev-parse --git-dir --git-common-dir [15ms]
2024-11-24 04:25:28.477 [info] [Model][openRepository] Opened repository: /home/ubuntu/HabitTrackerExpo
2024-11-24 04:25:28.492 [info] > git config --get commit.template [8ms]
2024-11-24 04:25:28.495 [info] > git rev-parse --show-toplevel [9ms]
2024-11-24 04:25:28.506 [info] > git rev-parse --git-dir --git-common-dir [2ms]
2024-11-24 04:25:28.510 [info] [Model][openRepository] Opened repository: /home/ubuntu/ec2_scripts
2024-11-24 04:25:28.515 [info] [Model][doInitialScan] Initial repository scan completed - repositories (3), closed repositories (0), parent repositories (0), unsafe repositories (0)
2024-11-24 04:25:28.521 [info] > git for-each-ref --format=%(refname)%00%(upstream:short)%00%(objectname)%00%(upstream:track)%00%(upstream:remotename)%00%(upstream:remoteref) refs/heads/master refs/remotes/master [20ms]
2024-11-24 04:25:28.524 [warning] [Git][revParse] Unable to read file: ENOENT: no such file or directory, open '/home/ubuntu/HabitTrackerExpo/.git/refs/remotes/origin/master'
2024-11-24 04:25:28.526 [info] > git config --get commit.template [6ms]
2024-11-24 04:25:28.530 [info] > git rev-parse refs/remotes/origin/master [6ms]
2024-11-24 04:25:28.540 [info] > git for-each-ref --format=%(refname)%00%(upstream:short)%00%(objectname)%00%(upstream:track)%00%(upstream:remotename)%00%(upstream:remoteref) refs/heads/master refs/remotes/master [10ms]
2024-11-24 04:25:28.543 [warning] [Git][revParse] Unable to read file: ENOENT: no such file or directory, open '/home/ubuntu/ec2_scripts/.git/refs/remotes/origin/master'
2024-11-24 04:25:28.544 [info] > git for-each-ref --sort -committerdate --format %(refname) %(objectname) %(*objectname) [7ms]
2024-11-24 04:25:28.547 [info] > git rev-parse refs/remotes/origin/master [4ms]
2024-11-24 04:25:28.558 [info] > git status -z -uall [25ms]
2024-11-24 04:25:28.558 [info] > git status -z -uall [9ms]
2024-11-24 04:25:28.570 [info] > git for-each-ref --format=%(refname)%00%(upstream:short)%00%(objectname)%00%(upstream:track)%00%(upstream:remotename)%00%(upstream:remoteref) refs/heads/master refs/remotes/master [5ms]
2024-11-24 04:25:28.575 [info] > git for-each-ref --sort -committerdate --format %(refname) %(objectname) %(*objectname) [22ms]
2024-11-24 04:25:28.604 [info] > git for-each-ref --format=%(refname)%00%(upstream:short)%00%(objectname)%00%(upstream:track)%00%(upstream:remotename)%00%(upstream:remoteref) refs/heads/master refs/remotes/master [22ms]
2024-11-24 04:25:28.608 [info] > git config --local branch.master.vscode-merge-base [34ms]
2024-11-24 04:25:28.611 [info] > git config --get commit.template [41ms]
2024-11-24 04:25:28.616 [info] > git config --local branch.master.vscode-merge-base [9ms]
2024-11-24 04:25:28.620 [info] > git config --get commit.template [20ms]
2024-11-24 04:25:28.628 [info] > git for-each-ref --format=%(refname)%00%(upstream:short)%00%(objectname)%00%(upstream:track)%00%(upstream:remotename)%00%(upstream:remoteref) refs/heads/origin/master refs/remotes/origin/master [16ms]
2024-11-24 04:25:28.636 [info] > git for-each-ref --format=%(refname)%00%(upstream:short)%00%(objectname)%00%(upstream:track)%00%(upstream:remotename)%00%(upstream:remoteref) refs/heads/master refs/remotes/master [10ms]
2024-11-24 04:25:28.637 [info] > git for-each-ref --format=%(refname)%00%(upstream:short)%00%(objectname)%00%(upstream:track)%00%(upstream:remotename)%00%(upstream:remoteref) refs/heads/origin/master refs/remotes/origin/master [17ms]
2024-11-24 04:25:28.644 [warning] [Git][revParse] Unable to read file: ENOENT: no such file or directory, open '/home/ubuntu/HabitTrackerExpo/.git/refs/remotes/origin/master'
2024-11-24 04:25:28.645 [info] > git for-each-ref --format=%(refname)%00%(upstream:short)%00%(objectname)%00%(upstream:track)%00%(upstream:remotename)%00%(upstream:remoteref) refs/heads/master refs/remotes/master [10ms]
2024-11-24 04:25:28.645 [info] > git merge-base refs/heads/master refs/remotes/origin/master [15ms]
2024-11-24 04:25:28.653 [warning] [Git][revParse] Unable to read file: ENOENT: no such file or directory, open '/home/ubuntu/ec2_scripts/.git/refs/remotes/origin/master'
2024-11-24 04:25:28.654 [info] > git rev-parse refs/remotes/origin/master [10ms]
2024-11-24 04:25:28.661 [info] > git merge-base refs/heads/master refs/remotes/origin/master [19ms]
2024-11-24 04:25:28.667 [info] > git status -z -uall [10ms]
2024-11-24 04:25:28.667 [info] > git diff --name-status -z --diff-filter=ADMR 49126d879cf67c4458fbdbd4b565eee2fb0f0b00...refs/remotes/origin/master [2ms]
2024-11-24 04:25:28.668 [info] > git for-each-ref --sort -committerdate --format %(refname) %(objectname) %(*objectname) [8ms]
2024-11-24 04:25:28.674 [info] > git rev-parse refs/remotes/origin/master [20ms]
2024-11-24 04:25:28.679 [info] > git diff --name-status -z --diff-filter=ADMR 770f00fa091c6a1d709d80cfac8c21a00c1d7230...refs/remotes/origin/master [28ms]
2024-11-24 04:25:28.681 [info] > git status -z -uall [6ms]
2024-11-24 04:25:28.681 [info] > git merge-base refs/heads/master refs/remotes/origin/master [9ms]
2024-11-24 04:25:28.685 [info] > git for-each-ref --sort -committerdate --format %(refname) %(objectname) %(*objectname) [7ms]
2024-11-24 04:25:28.690 [info] > git diff --name-status -z --diff-filter=ADMR 770f00fa091c6a1d709d80cfac8c21a00c1d7230...refs/remotes/origin/master [7ms]
2024-11-24 04:25:29.073 [info] > git check-ignore -v -z --stdin [13ms]
2024-11-24 04:25:29.075 [info] > git check-ignore -v -z --stdin [11ms]
2024-11-24 04:25:29.075 [info] > git check-ignore -v -z --stdin [8ms]
2024-11-24 04:25:29.137 [info] > git show --textconv :habit_tracker_project/urls.py [6ms]
2024-11-24 04:25:29.138 [info] > git ls-files --stage -- /home/ubuntu/HabitTrackerDjango/habit_tracker_project/urls.py [3ms]
2024-11-24 04:25:29.590 [info] > git check-ignore -v -z --stdin [4ms]
2024-11-24 04:26:06.374 [info] > git config --get commit.template [4ms]
2024-11-24 04:26:06.391 [info] > git for-each-ref --format=%(refname)%00%(upstream:short)%00%(objectname)%00%(upstream:track)%00%(upstream:remotename)%00%(upstream:remoteref) refs/heads/master refs/remotes/master [9ms]
2024-11-24 04:26:06.403 [warning] [Git][revParse] Unable to read file: ENOENT: no such file or directory, open '/home/ubuntu/HabitTrackerExpo/.git/refs/remotes/origin/master'
2024-11-24 04:26:06.407 [info] > git rev-parse refs/remotes/origin/master [5ms]
2024-11-24 04:26:06.424 [info] > git for-each-ref --sort -committerdate --format %(refname) %(objectname) %(*objectname) [4ms]
2024-11-24 04:26:06.428 [info] > git status -z -uall [14ms]
2024-11-24 04:26:07.579 [info] > git config --get commit.template [1ms]
2024-11-24 04:26:07.587 [info] > git for-each-ref --format=%(refname)%00%(upstream:short)%00%(objectname)%00%(upstream:track)%00%(upstream:remotename)%00%(upstream:remoteref) refs/heads/master refs/remotes/master [3ms]
2024-11-24 04:26:07.591 [warning] [Git][revParse] Unable to read file: ENOENT: no such file or directory, open '/home/ubuntu/HabitTrackerDjango/.git/refs/remotes/origin/master'
2024-11-24 04:26:07.594 [info] > git rev-parse refs/remotes/origin/master [3ms]
2024-11-24 04:26:07.607 [info] > git status -z -uall [8ms]
2024-11-24 04:26:07.612 [info] > git for-each-ref --sort -committerdate --format %(refname) %(objectname) %(*objectname) [8ms]
2024-11-24 04:36:52.898 [info] > git check-ignore -v -z --stdin [5ms]
2024-11-24 04:36:52.899 [info] > git check-ignore -v -z --stdin [2ms]
2024-11-24 04:36:53.962 [info] > git check-ignore -v -z --stdin [11ms]
2024-11-24 04:36:54.033 [info] > git show --textconv :habit_app/templates/habit_app/dynamic_stuff.html [15ms]
2024-11-24 04:36:54.044 [info] > git ls-files --stage -- /home/ubuntu/HabitTrackerDjango/habit_app/templates/habit_app/dynamic_stuff.html [23ms]
2024-11-24 04:37:46.251 [info] > git config --get commit.template [5ms]
2024-11-24 04:37:46.252 [info] > git for-each-ref --format=%(refname)%00%(upstream:short)%00%(objectname)%00%(upstream:track)%00%(upstream:remotename)%00%(upstream:remoteref) refs/heads/master refs/remotes/master [5ms]
2024-11-24 04:37:46.254 [warning] [Git][revParse] Unable to read file: ENOENT: no such file or directory, open '/home/ubuntu/HabitTrackerDjango/.git/refs/remotes/origin/master'
2024-11-24 04:37:46.255 [info] > git rev-parse refs/remotes/origin/master [1ms]
2024-11-24 04:37:46.264 [info] > git for-each-ref --sort -committerdate --format %(refname) %(objectname) %(*objectname) [1ms]
2024-11-24 04:37:46.265 [info] > git status -z -uall [7ms]
2024-11-24 04:49:20.652 [info] > git rev-parse --show-toplevel [4ms]
2024-11-24 04:49:20.652 [info] fatal: not a git repository (or any of the parent directories): .git
2024-11-24 04:49:20.668 [info] > git rev-parse --show-toplevel [1ms]
2024-11-24 04:49:20.668 [info] fatal: not a git repository (or any of the parent directories): .git
2024-11-24 04:49:20.684 [info] > git rev-parse --show-toplevel [3ms]
2024-11-24 04:49:20.684 [info] fatal: not a git repository (or any of the parent directories): .git
2024-11-24 04:49:26.234 [info] > git rev-parse --show-toplevel [10ms]
2024-11-24 04:49:26.238 [info] fatal: not a git repository (or any of the parent directories): .git
2024-11-24 04:49:26.256 [info] > git rev-parse --show-toplevel [8ms]
2024-11-24 04:49:26.256 [info] fatal: not a git repository (or any of the parent directories): .git
2024-11-24 04:49:26.272 [info] > git rev-parse --show-toplevel [5ms]
2024-11-24 04:49:26.273 [info] fatal: not a git repository (or any of the parent directories): .git
2024-11-24 04:49:26.298 [info] > git rev-parse --show-toplevel [1ms]
2024-11-24 04:49:26.298 [info] fatal: not a git repository (or any of the parent directories): .git
2024-11-24 04:49:26.321 [info] > git rev-parse --show-toplevel [13ms]
2024-11-24 04:49:26.321 [info] fatal: not a git repository (or any of the parent directories): .git
2024-11-24 04:49:26.339 [info] > git rev-parse --show-toplevel [8ms]
2024-11-24 04:49:26.339 [info] fatal: not a git repository (or any of the parent directories): .git
2024-11-24 04:49:26.356 [info] > git rev-parse --show-toplevel [5ms]
2024-11-24 04:49:26.356 [info] fatal: not a git repository (or any of the parent directories): .git
2024-11-24 04:49:26.373 [info] > git rev-parse --show-toplevel [3ms]
2024-11-24 04:49:26.373 [info] fatal: not a git repository (or any of the parent directories): .git
2024-11-24 04:49:26.390 [info] > git rev-parse --show-toplevel [9ms]
2024-11-24 04:49:26.390 [info] fatal: not a git repository (or any of the parent directories): .git
2024-11-24 04:49:26.400 [info] > git rev-parse --show-toplevel [5ms]
2024-11-24 04:49:26.400 [info] fatal: not a git repository (or any of the parent directories): .git
2024-11-24 04:49:26.413 [info] > git rev-parse --show-toplevel [7ms]
2024-11-24 04:49:26.413 [info] fatal: not a git repository (or any of the parent directories): .git
2024-11-24 04:49:26.426 [info] > git rev-parse --show-toplevel [6ms]
2024-11-24 04:49:26.426 [info] fatal: not a git repository (or any of the parent directories): .git
2024-11-24 04:49:26.436 [info] > git rev-parse --show-toplevel [4ms]
2024-11-24 04:49:26.436 [info] fatal: not a git repository (or any of the parent directories): .git
2024-11-24 04:49:26.451 [info] > git rev-parse --show-toplevel [2ms]
2024-11-24 04:49:26.451 [info] fatal: not a git repository (or any of the parent directories): .git
2024-11-24 04:49:26.469 [info] > git rev-parse --show-toplevel [5ms]
2024-11-24 04:49:26.469 [info] fatal: not a git repository (or any of the parent directories): .git
2024-11-24 04:49:26.484 [info] > git rev-parse --show-toplevel [4ms]
2024-11-24 04:49:26.484 [info] fatal: not a git repository (or any of the parent directories): .git
2024-11-24 04:49:26.501 [info] > git rev-parse --show-toplevel [3ms]
2024-11-24 04:49:26.501 [info] fatal: not a git repository (or any of the parent directories): .git
2024-11-24 04:49:26.513 [info] > git rev-parse --show-toplevel [3ms]
2024-11-24 04:49:26.513 [info] fatal: not a git repository (or any of the parent directories): .git
2024-11-24 04:49:26.531 [info] > git rev-parse --show-toplevel [8ms]
2024-11-24 04:49:26.531 [info] fatal: not a git repository (or any of the parent directories): .git
2024-11-24 04:49:26.554 [info] > git rev-parse --show-toplevel [12ms]
2024-11-24 04:49:26.554 [info] fatal: not a git repository (or any of the parent directories): .git
2024-11-24 04:49:27.458 [info] > git rev-parse --show-toplevel [2ms]
2024-11-24 04:49:27.458 [info] fatal: not a git repository (or any of the parent directories): .git
2024-11-24 04:50:07.725 [info] > git config --get commit.template [7ms]
2024-11-24 04:50:07.734 [info] > git for-each-ref --format=%(refname)%00%(upstream:short)%00%(objectname)%00%(upstream:track)%00%(upstream:remotename)%00%(upstream:remoteref) refs/heads/master refs/remotes/master [14ms]
2024-11-24 04:50:07.742 [warning] [Git][revParse] Unable to read file: ENOENT: no such file or directory, open '/home/ubuntu/HabitTrackerExpo/.git/refs/remotes/origin/master'
2024-11-24 04:50:07.746 [info] > git rev-parse refs/remotes/origin/master [5ms]
2024-11-24 04:50:07.765 [info] > git for-each-ref --sort -committerdate --format %(refname) %(objectname) %(*objectname) [7ms]
2024-11-24 04:50:07.767 [info] > git status -z -uall [16ms]
2024-11-24 04:52:54.601 [info] > git check-ignore -v -z --stdin [3ms]
2024-11-24 04:52:55.459 [info] > git check-ignore -v -z --stdin [7ms]
2024-11-24 04:52:55.460 [info] > git check-ignore -v -z --stdin [2ms]
2024-11-24 04:52:57.509 [info] > git rev-parse --show-toplevel [3ms]
2024-11-24 04:52:57.509 [info] fatal: not a git repository (or any of the parent directories): .git
2024-11-24 04:53:28.634 [info] > git config --get commit.template [13ms]
2024-11-24 04:53:28.641 [info] > git for-each-ref --format=%(refname)%00%(upstream:short)%00%(objectname)%00%(upstream:track)%00%(upstream:remotename)%00%(upstream:remoteref) refs/heads/master refs/remotes/master [8ms]
2024-11-24 04:53:28.648 [warning] [Git][revParse] Unable to read file: ENOENT: no such file or directory, open '/home/ubuntu/HabitTrackerExpo/.git/refs/remotes/origin/master'
2024-11-24 04:53:28.652 [info] > git rev-parse refs/remotes/origin/master [4ms]
2024-11-24 04:53:28.679 [info] > git status -z -uall [13ms]
2024-11-24 04:53:28.680 [info] > git for-each-ref --sort -committerdate --format %(refname) %(objectname) %(*objectname) [4ms]
2024-11-24 04:55:56.617 [info] > git config --get commit.template [11ms]
2024-11-24 04:55:56.621 [info] > git for-each-ref --format=%(refname)%00%(upstream:short)%00%(objectname)%00%(upstream:track)%00%(upstream:remotename)%00%(upstream:remoteref) refs/heads/master refs/remotes/master [9ms]
2024-11-24 04:55:56.631 [warning] [Git][revParse] Unable to read file: ENOENT: no such file or directory, open '/home/ubuntu/HabitTrackerExpo/.git/refs/remotes/origin/master'
2024-11-24 04:55:56.635 [info] > git rev-parse refs/remotes/origin/master [3ms]
2024-11-24 04:55:56.655 [info] > git status -z -uall [13ms]
2024-11-24 04:55:56.659 [info] > git for-each-ref --sort -committerdate --format %(refname) %(objectname) %(*objectname) [7ms]
2024-11-24 04:59:36.318 [info] > git show --textconv :app/addHabit.js [15ms]
2024-11-24 04:59:36.320 [info] > git ls-files --stage -- /home/ubuntu/HabitTrackerExpo/app/addHabit.js [7ms]
2024-11-24 05:01:18.422 [info] > git config --get commit.template [31ms]
2024-11-24 05:01:18.432 [info] > git for-each-ref --format=%(refname)%00%(upstream:short)%00%(objectname)%00%(upstream:track)%00%(upstream:remotename)%00%(upstream:remoteref) refs/heads/master refs/remotes/master [39ms]
2024-11-24 05:01:18.436 [warning] [Git][revParse] Unable to read file: ENOENT: no such file or directory, open '/home/ubuntu/HabitTrackerExpo/.git/refs/remotes/origin/master'
2024-11-24 05:01:18.439 [info] > git rev-parse refs/remotes/origin/master [3ms]
2024-11-24 05:01:18.449 [info] > git for-each-ref --sort -committerdate --format %(refname) %(objectname) %(*objectname) [4ms]
2024-11-24 05:01:18.458 [info] > git status -z -uall [17ms]
2024-11-24 06:47:21.793 [info] > git check-ignore -v -z --stdin [39ms]
2024-11-24 06:47:24.343 [info] > git check-ignore -v -z --stdin [2ms]
2024-11-24 06:47:25.826 [info] > git ls-files --stage -- /home/ubuntu/HabitTrackerExpo/components/Navigation.jsx [15ms]
2024-11-24 06:47:25.894 [info] > git show --textconv :components/Navigation.jsx [100ms]
2024-11-24 06:47:25.908 [info] > git cat-file -s 0db6440aabfaee0355f96f446a7186b02d8dedf1 [50ms]
2024-11-24 06:49:15.038 [info] > git config --get commit.template [34ms]
2024-11-24 06:49:15.044 [info] > git for-each-ref --format=%(refname)%00%(upstream:short)%00%(objectname)%00%(upstream:track)%00%(upstream:remotename)%00%(upstream:remoteref) refs/heads/master refs/remotes/master [38ms]
2024-11-24 06:49:15.048 [warning] [Git][revParse] Unable to read file: ENOENT: no such file or directory, open '/home/ubuntu/HabitTrackerExpo/.git/refs/remotes/origin/master'
2024-11-24 06:49:15.051 [info] > git rev-parse refs/remotes/origin/master [2ms]
2024-11-24 06:49:15.059 [info] > git for-each-ref --sort -committerdate --format %(refname) %(objectname) %(*objectname) [2ms]
2024-11-24 06:49:15.075 [info] > git status -z -uall [22ms]
2024-11-24 06:50:02.327 [info] > git show --textconv :app/addHabit.js [5ms]
2024-11-24 06:50:02.329 [info] > git ls-files --stage -- /home/ubuntu/HabitTrackerExpo/app/addHabit.js [4ms]
2024-11-24 06:50:11.110 [info] > git config --get commit.template [5ms]
2024-11-24 06:50:11.111 [info] > git for-each-ref --format=%(refname)%00%(upstream:short)%00%(objectname)%00%(upstream:track)%00%(upstream:remotename)%00%(upstream:remoteref) refs/heads/master refs/remotes/master [1ms]
2024-11-24 06:50:11.114 [warning] [Git][revParse] Unable to read file: ENOENT: no such file or directory, open '/home/ubuntu/HabitTrackerExpo/.git/refs/remotes/origin/master'
2024-11-24 06:50:11.116 [info] > git rev-parse refs/remotes/origin/master [2ms]
2024-11-24 06:50:11.123 [info] > git status -z -uall [5ms]
2024-11-24 06:50:11.125 [info] > git for-each-ref --sort -committerdate --format %(refname) %(objectname) %(*objectname) [3ms]
2024-11-24 06:50:21.047 [info] > git show --textconv :app/habits.js [9ms]
2024-11-24 06:50:21.053 [info] > git ls-files --stage -- /home/ubuntu/HabitTrackerExpo/app/habits.js [6ms]
2024-11-24 06:50:27.267 [info] > git config --get commit.template [1ms]
2024-11-24 06:50:27.271 [info] > git for-each-ref --format=%(refname)%00%(upstream:short)%00%(objectname)%00%(upstream:track)%00%(upstream:remotename)%00%(upstream:remoteref) refs/heads/master refs/remotes/master [1ms]
2024-11-24 06:50:27.273 [warning] [Git][revParse] Unable to read file: ENOENT: no such file or directory, open '/home/ubuntu/HabitTrackerExpo/.git/refs/remotes/origin/master'
2024-11-24 06:50:27.274 [info] > git rev-parse refs/remotes/origin/master [1ms]
2024-11-24 06:50:27.282 [info] > git for-each-ref --sort -committerdate --format %(refname) %(objectname) %(*objectname) [2ms]
2024-11-24 06:50:27.284 [info] > git status -z -uall [7ms]
2024-11-24 06:51:09.248 [info] > git config --get commit.template [10ms]
2024-11-24 06:51:09.255 [info] > git for-each-ref --format=%(refname)%00%(upstream:short)%00%(objectname)%00%(upstream:track)%00%(upstream:remotename)%00%(upstream:remoteref) refs/heads/master refs/remotes/master [7ms]
2024-11-24 06:51:09.261 [warning] [Git][revParse] Unable to read file: ENOENT: no such file or directory, open '/home/ubuntu/HabitTrackerExpo/.git/refs/remotes/origin/master'
2024-11-24 06:51:09.265 [info] > git rev-parse refs/remotes/origin/master [3ms]
2024-11-24 06:51:09.288 [info] > git status -z -uall [14ms]
2024-11-24 06:51:09.291 [info] > git for-each-ref --sort -committerdate --format %(refname) %(objectname) %(*objectname) [5ms]
2024-11-24 07:03:57.172 [info] > git show --textconv :habit_tracker_project/settings.py [6ms]
2024-11-24 07:03:57.174 [info] > git ls-files --stage -- /home/ubuntu/HabitTrackerDjango/habit_tracker_project/settings.py [5ms]
2024-11-24 07:13:18.279 [info] > git show --textconv :habit_tracker_project/urls.py [4ms]
2024-11-24 07:13:18.281 [info] > git ls-files --stage -- /home/ubuntu/HabitTrackerDjango/habit_tracker_project/urls.py [3ms]
2024-11-24 07:13:32.415 [info] > git config --get commit.template [4ms]
2024-11-24 07:13:32.427 [info] > git for-each-ref --format=%(refname)%00%(upstream:short)%00%(objectname)%00%(upstream:track)%00%(upstream:remotename)%00%(upstream:remoteref) refs/heads/master refs/remotes/master [12ms]
2024-11-24 07:13:32.429 [warning] [Git][revParse] Unable to read file: ENOENT: no such file or directory, open '/home/ubuntu/HabitTrackerDjango/.git/refs/remotes/origin/master'
2024-11-24 07:13:32.431 [info] > git rev-parse refs/remotes/origin/master [1ms]
2024-11-24 07:13:32.441 [info] > git for-each-ref --sort -committerdate --format %(refname) %(objectname) %(*objectname) [5ms]
2024-11-24 07:13:32.450 [info] > git status -z -uall [17ms]
2024-11-24 07:13:39.133 [info] > git config --get commit.template [1ms]
2024-11-24 07:13:39.138 [info] > git for-each-ref --format=%(refname)%00%(upstream:short)%00%(objectname)%00%(upstream:track)%00%(upstream:remotename)%00%(upstream:remoteref) refs/heads/master refs/remotes/master [1ms]
2024-11-24 07:13:39.141 [warning] [Git][revParse] Unable to read file: ENOENT: no such file or directory, open '/home/ubuntu/HabitTrackerDjango/.git/refs/remotes/origin/master'
2024-11-24 07:13:39.142 [info] > git rev-parse refs/remotes/origin/master [1ms]
2024-11-24 07:13:39.150 [info] > git status -z -uall [6ms]
2024-11-24 07:13:39.150 [info] > git for-each-ref --sort -committerdate --format %(refname) %(objectname) %(*objectname) [1ms]
2024-11-24 07:13:57.404 [info] > git config --get commit.template [1ms]
2024-11-24 07:13:57.409 [info] > git for-each-ref --format=%(refname)%00%(upstream:short)%00%(objectname)%00%(upstream:track)%00%(upstream:remotename)%00%(upstream:remoteref) refs/heads/master refs/remotes/master [2ms]
2024-11-24 07:13:57.412 [warning] [Git][revParse] Unable to read file: ENOENT: no such file or directory, open '/home/ubuntu/HabitTrackerDjango/.git/refs/remotes/origin/master'
2024-11-24 07:13:57.415 [info] > git rev-parse refs/remotes/origin/master [3ms]
2024-11-24 07:13:57.421 [info] > git status -z -uall [4ms]
2024-11-24 07:13:57.423 [info] > git for-each-ref --sort -committerdate --format %(refname) %(objectname) %(*objectname) [3ms]
2024-11-24 07:14:12.356 [info] > git show --textconv :habit_app/urls.py [5ms]
2024-11-24 07:14:12.358 [info] > git ls-files --stage -- /home/ubuntu/HabitTrackerDjango/habit_app/urls.py [3ms]
2024-11-24 07:14:46.664 [info] > git config --get commit.template [7ms]
2024-11-24 07:14:46.667 [info] > git for-each-ref --format=%(refname)%00%(upstream:short)%00%(objectname)%00%(upstream:track)%00%(upstream:remotename)%00%(upstream:remoteref) refs/heads/master refs/remotes/master [4ms]
2024-11-24 07:14:46.672 [warning] [Git][revParse] Unable to read file: ENOENT: no such file or directory, open '/home/ubuntu/HabitTrackerDjango/.git/refs/remotes/origin/master'
2024-11-24 07:14:46.673 [info] > git rev-parse refs/remotes/origin/master [1ms]
2024-11-24 07:14:46.685 [info] > git status -z -uall [9ms]
2024-11-24 07:14:46.689 [info] > git for-each-ref --sort -committerdate --format %(refname) %(objectname) %(*objectname) [4ms]
2024-11-24 07:18:33.176 [info] > git show --textconv :habit_tracker_project/urls.py [4ms]
2024-11-24 07:18:33.178 [info] > git ls-files --stage -- /home/ubuntu/HabitTrackerDjango/habit_tracker_project/urls.py [3ms]
2024-11-24 07:18:56.899 [info] > git config --get commit.template [1ms]
2024-11-24 07:18:56.903 [info] > git for-each-ref --format=%(refname)%00%(upstream:short)%00%(objectname)%00%(upstream:track)%00%(upstream:remotename)%00%(upstream:remoteref) refs/heads/master refs/remotes/master [2ms]
2024-11-24 07:18:56.906 [warning] [Git][revParse] Unable to read file: ENOENT: no such file or directory, open '/home/ubuntu/HabitTrackerDjango/.git/refs/remotes/origin/master'
2024-11-24 07:18:56.907 [info] > git rev-parse refs/remotes/origin/master [1ms]
2024-11-24 07:18:56.917 [info] > git status -z -uall [8ms]
2024-11-24 07:18:56.919 [info] > git for-each-ref --sort -committerdate --format %(refname) %(objectname) %(*objectname) [5ms]
2024-11-24 07:20:07.212 [info] > git config --get commit.template [0ms]
2024-11-24 07:20:07.218 [info] > git for-each-ref --format=%(refname)%00%(upstream:short)%00%(objectname)%00%(upstream:track)%00%(upstream:remotename)%00%(upstream:remoteref) refs/heads/master refs/remotes/master [2ms]
2024-11-24 07:20:07.220 [warning] [Git][revParse] Unable to read file: ENOENT: no such file or directory, open '/home/ubuntu/HabitTrackerDjango/.git/refs/remotes/origin/master'
2024-11-24 07:20:07.222 [info] > git rev-parse refs/remotes/origin/master [2ms]
2024-11-24 07:20:07.232 [info] > git status -z -uall [7ms]
2024-11-24 07:20:07.234 [info] > git for-each-ref --sort -committerdate --format %(refname) %(objectname) %(*objectname) [3ms]
2024-11-24 07:47:12.002 [info] > git ls-files --stage -- /home/ubuntu/HabitTrackerExpo/app/habits.js [33ms]
2024-11-24 07:47:12.005 [info] > git show --textconv :app/habits.js [39ms]
2024-11-24 07:48:27.056 [info] > git show --textconv :.env [30ms]
2024-11-24 07:48:27.069 [info] > git ls-files --stage -- /home/ubuntu/HabitTrackerExpo/.env [22ms]
2024-11-24 07:49:06.486 [info] > git config --get commit.template [3ms]
2024-11-24 07:49:06.499 [info] > git for-each-ref --format=%(refname)%00%(upstream:short)%00%(objectname)%00%(upstream:track)%00%(upstream:remotename)%00%(upstream:remoteref) refs/heads/master refs/remotes/master [14ms]
2024-11-24 07:49:06.501 [warning] [Git][revParse] Unable to read file: ENOENT: no such file or directory, open '/home/ubuntu/HabitTrackerExpo/.git/refs/remotes/origin/master'
2024-11-24 07:49:06.504 [info] > git rev-parse refs/remotes/origin/master [3ms]
2024-11-24 07:49:06.514 [info] > git for-each-ref --sort -committerdate --format %(refname) %(objectname) %(*objectname) [2ms]
2024-11-24 07:49:06.521 [info] > git status -z -uall [14ms]
2024-11-24 07:49:14.460 [info] > git for-each-ref --format=%(refname)%00%(upstream:short)%00%(objectname)%00%(upstream:track)%00%(upstream:remotename)%00%(upstream:remoteref) refs/heads/master refs/remotes/master [1ms]
2024-11-24 07:49:14.461 [info] > git config --get commit.template [6ms]
2024-11-24 07:49:14.462 [warning] [Git][revParse] Unable to read file: ENOENT: no such file or directory, open '/home/ubuntu/HabitTrackerExpo/.git/refs/remotes/origin/master'
2024-11-24 07:49:14.463 [info] > git rev-parse refs/remotes/origin/master [1ms]
2024-11-24 07:49:14.473 [info] > git status -z -uall [7ms]
2024-11-24 07:49:14.473 [info] > git for-each-ref --sort -committerdate --format %(refname) %(objectname) %(*objectname) [3ms]
2024-11-24 07:55:29.998 [info] > git ls-files --stage -- /home/ubuntu/HabitTrackerExpo/app/habits.js [2ms]
2024-11-24 07:55:30.000 [info] > git show --textconv :app/habits.js [7ms]
2024-11-24 07:56:56.080 [info] > git config --get commit.template [1ms]
2024-11-24 07:56:56.084 [info] > git for-each-ref --format=%(refname)%00%(upstream:short)%00%(objectname)%00%(upstream:track)%00%(upstream:remotename)%00%(upstream:remoteref) refs/heads/master refs/remotes/master [1ms]
2024-11-24 07:56:56.087 [warning] [Git][revParse] Unable to read file: ENOENT: no such file or directory, open '/home/ubuntu/HabitTrackerExpo/.git/refs/remotes/origin/master'
2024-11-24 07:56:56.088 [info] > git rev-parse refs/remotes/origin/master [1ms]
2024-11-24 07:56:56.096 [info] > git status -z -uall [6ms]
2024-11-24 07:56:56.097 [info] > git for-each-ref --sort -committerdate --format %(refname) %(objectname) %(*objectname) [3ms]
2024-11-24 08:04:10.769 [info] > git config --get commit.template [8ms]
2024-11-24 08:04:10.774 [info] > git for-each-ref --format=%(refname)%00%(upstream:short)%00%(objectname)%00%(upstream:track)%00%(upstream:remotename)%00%(upstream:remoteref) refs/heads/master refs/remotes/master [13ms]
2024-11-24 08:04:10.778 [warning] [Git][revParse] Unable to read file: ENOENT: no such file or directory, open '/home/ubuntu/HabitTrackerExpo/.git/refs/remotes/origin/master'
2024-11-24 08:04:10.780 [info] > git rev-parse refs/remotes/origin/master [2ms]
2024-11-24 08:04:10.795 [info] > git for-each-ref --sort -committerdate --format %(refname) %(objectname) %(*objectname) [4ms]
2024-11-24 08:04:10.803 [info] > git status -z -uall [17ms]
2024-11-24 08:15:14.548 [info] > git config --get commit.template [29ms]
2024-11-24 08:15:14.552 [info] > git for-each-ref --format=%(refname)%00%(upstream:short)%00%(objectname)%00%(upstream:track)%00%(upstream:remotename)%00%(upstream:remoteref) refs/heads/master refs/remotes/master [25ms]
2024-11-24 08:15:14.555 [warning] [Git][revParse] Unable to read file: ENOENT: no such file or directory, open '/home/ubuntu/HabitTrackerExpo/.git/refs/remotes/origin/master'
2024-11-24 08:15:14.558 [info] > git rev-parse refs/remotes/origin/master [3ms]
2024-11-24 08:15:14.566 [info] > git for-each-ref --sort -committerdate --format %(refname) %(objectname) %(*objectname) [2ms]
2024-11-24 08:15:14.578 [info] > git status -z -uall [18ms]
2024-11-24 08:15:27.423 [info] > git config --get commit.template [1ms]
2024-11-24 08:15:27.427 [info] > git for-each-ref --format=%(refname)%00%(upstream:short)%00%(objectname)%00%(upstream:track)%00%(upstream:remotename)%00%(upstream:remoteref) refs/heads/master refs/remotes/master [1ms]
2024-11-24 08:15:27.430 [warning] [Git][revParse] Unable to read file: ENOENT: no such file or directory, open '/home/ubuntu/HabitTrackerExpo/.git/refs/remotes/origin/master'
2024-11-24 08:15:27.431 [info] > git rev-parse refs/remotes/origin/master [1ms]
2024-11-24 08:15:27.439 [info] > git status -z -uall [4ms]
2024-11-24 08:15:27.441 [info] > git for-each-ref --sort -committerdate --format %(refname) %(objectname) %(*objectname) [2ms]
2024-11-24 08:19:54.769 [info] > git config --get commit.template [3ms]
2024-11-24 08:19:54.773 [info] > git for-each-ref --format=%(refname)%00%(upstream:short)%00%(objectname)%00%(upstream:track)%00%(upstream:remotename)%00%(upstream:remoteref) refs/heads/master refs/remotes/master [1ms]
2024-11-24 08:19:54.776 [warning] [Git][revParse] Unable to read file: ENOENT: no such file or directory, open '/home/ubuntu/HabitTrackerExpo/.git/refs/remotes/origin/master'
2024-11-24 08:19:54.777 [info] > git rev-parse refs/remotes/origin/master [1ms]
2024-11-24 08:19:54.784 [info] > git status -z -uall [5ms]
2024-11-24 08:19:54.786 [info] > git for-each-ref --sort -committerdate --format %(refname) %(objectname) %(*objectname) [2ms]
2024-11-24 08:20:54.617 [info] > git rev-parse --show-toplevel [3ms]
2024-11-24 08:20:54.617 [info] fatal: not a git repository (or any of the parent directories): .git
2024-11-24 08:24:22.079 [info] > git config --get commit.template [2ms]
2024-11-24 08:24:22.093 [info] > git for-each-ref --format=%(refname)%00%(upstream:short)%00%(objectname)%00%(upstream:track)%00%(upstream:remotename)%00%(upstream:remoteref) refs/heads/master refs/remotes/master [4ms]
2024-11-24 08:24:22.101 [warning] [Git][revParse] Unable to read file: ENOENT: no such file or directory, open '/home/ubuntu/HabitTrackerExpo/.git/refs/remotes/origin/master'
2024-11-24 08:24:22.105 [info] > git rev-parse refs/remotes/origin/master [4ms]
2024-11-24 08:24:22.119 [info] > git status -z -uall [8ms]
2024-11-24 08:24:22.124 [info] > git for-each-ref --sort -committerdate --format %(refname) %(objectname) %(*objectname) [6ms]
