2024-11-24 04:25:24.307 [info] Extension host with pid 2019 started
2024-11-24 04:25:24.307 [error] Error: EEXIST: file already exists, open '/home/ubuntu/.local/share/code-server/User/workspaceStorage/-2889d986/vscode.lock'
2024-11-24 04:25:24.348 [info] Lock '/home/ubuntu/.local/share/code-server/User/workspaceStorage/-2889d986/vscode.lock': Could not acquire lock, checking if the file is stale.
2024-11-24 04:25:24.409 [info] Lock '/home/ubuntu/.local/share/code-server/User/workspaceStorage/-2889d986/vscode.lock': The pid 13279 appears to be gone.
2024-11-24 04:25:24.409 [info] Lock '/home/ubuntu/.local/share/code-server/User/workspaceStorage/-2889d986/vscode.lock': Deleting a stale lock.
2024-11-24 04:25:24.433 [info] Lock '/home/ubuntu/.local/share/code-server/User/workspaceStorage/-2889d986/vscode.lock': Lock acquired.
2024-11-24 04:25:24.896 [info] ExtensionService#_doActivateExtension vscode.emmet, startup: false, activationEvent: 'onLanguage'
2024-11-24 04:25:24.905 [info] ExtensionService#_doActivateExtension vscode.tunnel-forwarding, startup: false, activationEvent: 'onTunnel'
2024-11-24 04:25:25.505 [info] ExtensionService#_doActivateExtension vscode.git-base, startup: true, activationEvent: '*', root cause: vscode.git
2024-11-24 04:25:25.518 [info] ExtensionService#_doActivateExtension vscode.npm, startup: true, activationEvent: 'workspaceContains:package.json'
2024-11-24 04:25:25.753 [info] ExtensionService#_doActivateExtension vscode.git, startup: true, activationEvent: '*'
2024-11-24 04:25:25.758 [info] ExtensionService#_doActivateExtension vscode.github, startup: true, activationEvent: '*'
2024-11-24 04:25:26.692 [info] Eager extensions activated
2024-11-24 04:25:26.692 [info] ExtensionService#_doActivateExtension vscode.debug-auto-launch, startup: false, activationEvent: 'onStartupFinished'
2024-11-24 04:25:26.692 [info] ExtensionService#_doActivateExtension vscode.merge-conflict, startup: false, activationEvent: 'onStartupFinished'
2024-11-24 04:25:28.845 [info] ExtensionService#_doActivateExtension vscode.github-authentication, startup: false, activationEvent: 'onAuthenticationRequest:github'
2024-11-24 04:25:32.979 [info] ExtensionService#_doActivateExtension vscode.configuration-editing, startup: false, activationEvent: 'onLanguage:json'
2024-11-24 04:25:32.980 [info] ExtensionService#_doActivateExtension vscode.extension-editing, startup: false, activationEvent: 'onLanguage:json'
2024-11-24 04:25:32.980 [info] ExtensionService#_doActivateExtension vscode.json-language-features, startup: false, activationEvent: 'onLanguage:json'
2024-11-24 04:31:25.894 [info] ExtensionService#_doActivateExtension vscode.simple-browser, startup: false, activationEvent: 'onOpenExternalUri:https'
2024-11-24 04:36:53.653 [info] ExtensionService#_doActivateExtension vscode.html-language-features, startup: false, activationEvent: 'onLanguage:html'
2024-11-24 04:59:35.573 [info] ExtensionService#_doActivateExtension vscode.typescript-language-features, startup: false, activationEvent: 'onLanguage:javascript'
